{
  "C:\\Users\\nuate\\code\\website\\v4\\src\\config.js": {
    "path": "C:\\Users\\nuate\\code\\website\\v4\\src\\config.js",
    "statementMap": {
      "0": { "start": { "line": 1, "column": 0 }, "end": { "line": 55, "column": 2 } },
      "1": { "start": { "line": 40, "column": 49 }, "end": { "line": 54, "column": 3 } }
    },
    "fnMap": {
      "0": {
        "name": "(anonymous_0)",
        "decl": { "start": { "line": 40, "column": 12 }, "end": { "line": 40, "column": 13 } },
        "loc": { "start": { "line": 40, "column": 49 }, "end": { "line": 54, "column": 3 } },
        "line": 40
      }
    },
    "branchMap": {
      "0": {
        "loc": { "start": { "line": 40, "column": 13 }, "end": { "line": 40, "column": 24 } },
        "type": "default-arg",
        "locations": [
          { "start": { "line": 40, "column": 21 }, "end": { "line": 40, "column": 24 } }
        ],
        "line": 40
      },
      "1": {
        "loc": { "start": { "line": 40, "column": 26 }, "end": { "line": 40, "column": 43 } },
        "type": "default-arg",
        "locations": [
          { "start": { "line": 40, "column": 39 }, "end": { "line": 40, "column": 43 } }
        ],
        "line": 40
      }
    },
    "s": { "0": 0, "1": 0 },
    "f": { "0": 0 },
    "b": { "0": [0], "1": [0] }
  },
  "C:\\Users\\nuate\\code\\website\\v4\\src\\components\\email.js": {
    "path": "C:\\Users\\nuate\\code\\website\\v4\\src\\components\\email.js",
    "statementMap": {
      "0": { "start": { "line": 7, "column": 26 }, "end": { "line": 36, "column": 1 } },
      "1": { "start": { "line": 38, "column": 14 }, "end": { "line": 44, "column": 1 } },
      "2": { "start": { "line": 39, "column": 2 }, "end": { "line": 43, "column": 9 } },
      "3": { "start": { "line": 46, "column": 0 }, "end": { "line": 48, "column": 2 } }
    },
    "fnMap": {
      "0": {
        "name": "(anonymous_0)",
        "decl": { "start": { "line": 38, "column": 14 }, "end": { "line": 38, "column": 15 } },
        "loc": { "start": { "line": 39, "column": 2 }, "end": { "line": 43, "column": 9 } },
        "line": 39
      }
    },
    "branchMap": {},
    "s": { "0": 0, "1": 0, "2": 0, "3": 0 },
    "f": { "0": 0 },
    "b": {}
  },
  "C:\\Users\\nuate\\code\\website\\v4\\src\\components\\footer.js": {
    "path": "C:\\Users\\nuate\\code\\website\\v4\\src\\components\\footer.js",
    "statementMap": {
      "0": { "start": { "line": 7, "column": 21 }, "end": { "line": 14, "column": 1 } },
      "1": { "start": { "line": 8, "column": 19 }, "end": { "line": 8, "column": 42 } },
      "2": { "start": { "line": 16, "column": 26 }, "end": { "line": 41, "column": 1 } },
      "3": { "start": { "line": 28, "column": 21 }, "end": { "line": 28, "column": 45 } },
      "4": { "start": { "line": 43, "column": 21 }, "end": { "line": 68, "column": 1 } },
      "5": { "start": { "line": 70, "column": 15 }, "end": { "line": 127, "column": 1 } },
      "6": { "start": { "line": 71, "column": 38 }, "end": { "line": 74, "column": 4 } },
      "7": { "start": { "line": 76, "column": 2 }, "end": { "line": 90, "column": 9 } },
      "8": { "start": { "line": 77, "column": 4 }, "end": { "line": 79, "column": 5 } },
      "9": { "start": { "line": 78, "column": 6 }, "end": { "line": 78, "column": 13 } },
      "10": { "start": { "line": 80, "column": 4 }, "end": { "line": 89, "column": 36 } },
      "11": { "start": { "line": 81, "column": 24 }, "end": { "line": 81, "column": 39 } },
      "12": { "start": { "line": 83, "column": 50 }, "end": { "line": 83, "column": 54 } },
      "13": { "start": { "line": 84, "column": 8 }, "end": { "line": 87, "column": 11 } },
      "14": { "start": { "line": 89, "column": 18 }, "end": { "line": 89, "column": 34 } },
      "15": { "start": { "line": 92, "column": 2 }, "end": { "line": 126, "column": 4 } },
      "16": { "start": { "line": 98, "column": 14 }, "end": { "line": 102, "column": 19 } },
      "17": { "start": { "line": 129, "column": 0 }, "end": { "line": 131, "column": 2 } }
    },
    "fnMap": {
      "0": {
        "name": "(anonymous_0)",
        "decl": { "start": { "line": 8, "column": 4 }, "end": { "line": 8, "column": 5 } },
        "loc": { "start": { "line": 8, "column": 19 }, "end": { "line": 8, "column": 42 } },
        "line": 8
      },
      "1": {
        "name": "(anonymous_1)",
        "decl": { "start": { "line": 28, "column": 6 }, "end": { "line": 28, "column": 7 } },
        "loc": { "start": { "line": 28, "column": 21 }, "end": { "line": 28, "column": 45 } },
        "line": 28
      },
      "2": {
        "name": "(anonymous_2)",
        "decl": { "start": { "line": 70, "column": 15 }, "end": { "line": 70, "column": 16 } },
        "loc": { "start": { "line": 70, "column": 21 }, "end": { "line": 127, "column": 1 } },
        "line": 70
      },
      "3": {
        "name": "(anonymous_3)",
        "decl": { "start": { "line": 76, "column": 12 }, "end": { "line": 76, "column": 13 } },
        "loc": { "start": { "line": 76, "column": 18 }, "end": { "line": 90, "column": 3 } },
        "line": 76
      },
      "4": {
        "name": "(anonymous_4)",
        "decl": { "start": { "line": 81, "column": 12 }, "end": { "line": 81, "column": 13 } },
        "loc": { "start": { "line": 81, "column": 24 }, "end": { "line": 81, "column": 39 } },
        "line": 81
      },
      "5": {
        "name": "(anonymous_5)",
        "decl": { "start": { "line": 82, "column": 12 }, "end": { "line": 82, "column": 13 } },
        "loc": { "start": { "line": 82, "column": 20 }, "end": { "line": 88, "column": 7 } },
        "line": 82
      },
      "6": {
        "name": "(anonymous_6)",
        "decl": { "start": { "line": 89, "column": 13 }, "end": { "line": 89, "column": 14 } },
        "loc": { "start": { "line": 89, "column": 18 }, "end": { "line": 89, "column": 34 } },
        "line": 89
      },
      "7": {
        "name": "(anonymous_7)",
        "decl": { "start": { "line": 97, "column": 28 }, "end": { "line": 97, "column": 29 } },
        "loc": { "start": { "line": 98, "column": 14 }, "end": { "line": 102, "column": 19 } },
        "line": 98
      }
    },
    "branchMap": {
      "0": {
        "loc": { "start": { "line": 77, "column": 4 }, "end": { "line": 79, "column": 5 } },
        "type": "if",
        "locations": [
          { "start": { "line": 77, "column": 4 }, "end": { "line": 79, "column": 5 } },
          { "start": {}, "end": {} }
        ],
        "line": 77
      },
      "1": {
        "loc": { "start": { "line": 96, "column": 11 }, "end": { "line": 103, "column": 14 } },
        "type": "binary-expr",
        "locations": [
          { "start": { "line": 96, "column": 11 }, "end": { "line": 96, "column": 22 } },
          { "start": { "line": 97, "column": 12 }, "end": { "line": 103, "column": 14 } }
        ],
        "line": 96
      },
      "2": {
        "loc": { "start": { "line": 111, "column": 11 }, "end": { "line": 122, "column": 11 } },
        "type": "binary-expr",
        "locations": [
          { "start": { "line": 111, "column": 11 }, "end": { "line": 111, "column": 27 } },
          { "start": { "line": 111, "column": 31 }, "end": { "line": 111, "column": 47 } },
          { "start": { "line": 112, "column": 12 }, "end": { "line": 121, "column": 18 } }
        ],
        "line": 111
      }
    },
    "s": {
      "0": 0,
      "1": 0,
      "2": 0,
      "3": 0,
      "4": 0,
      "5": 0,
      "6": 0,
      "7": 0,
      "8": 0,
      "9": 0,
      "10": 0,
      "11": 0,
      "12": 0,
      "13": 0,
      "14": 0,
      "15": 0,
      "16": 0,
      "17": 0
    },
    "f": { "0": 0, "1": 0, "2": 0, "3": 0, "4": 0, "5": 0, "6": 0, "7": 0 },
    "b": { "0": [0, 0], "1": [0, 0], "2": [0, 0, 0] }
  },
  "C:\\Users\\nuate\\code\\website\\v4\\src\\components\\head.js": {
    "path": "C:\\Users\\nuate\\code\\website\\v4\\src\\components\\head.js",
    "statementMap": {
      "0": { "start": { "line": 9, "column": 13 }, "end": { "line": 65, "column": 1 } },
      "1": { "start": { "line": 10, "column": 23 }, "end": { "line": 10, "column": 36 } },
      "2": { "start": { "line": 12, "column": 19 }, "end": { "line": 26, "column": 3 } },
      "3": { "start": { "line": 34, "column": 6 }, "end": { "line": 34, "column": 23 } },
      "4": { "start": { "line": 36, "column": 14 }, "end": { "line": 41, "column": 3 } },
      "5": { "start": { "line": 43, "column": 2 }, "end": { "line": 64, "column": 4 } },
      "6": { "start": { "line": 69, "column": 0 }, "end": { "line": 73, "column": 2 } },
      "7": { "start": { "line": 75, "column": 0 }, "end": { "line": 79, "column": 2 } }
    },
    "fnMap": {
      "0": {
        "name": "(anonymous_0)",
        "decl": { "start": { "line": 9, "column": 13 }, "end": { "line": 9, "column": 14 } },
        "loc": { "start": { "line": 9, "column": 48 }, "end": { "line": 65, "column": 1 } },
        "line": 9
      }
    },
    "branchMap": {
      "0": {
        "loc": { "start": { "line": 37, "column": 11 }, "end": { "line": 37, "column": 32 } },
        "type": "binary-expr",
        "locations": [
          { "start": { "line": 37, "column": 11 }, "end": { "line": 37, "column": 16 } },
          { "start": { "line": 37, "column": 20 }, "end": { "line": 37, "column": 32 } }
        ],
        "line": 37
      },
      "1": {
        "loc": { "start": { "line": 38, "column": 17 }, "end": { "line": 38, "column": 50 } },
        "type": "binary-expr",
        "locations": [
          { "start": { "line": 38, "column": 17 }, "end": { "line": 38, "column": 28 } },
          { "start": { "line": 38, "column": 32 }, "end": { "line": 38, "column": 50 } }
        ],
        "line": 38
      },
      "2": {
        "loc": { "start": { "line": 39, "column": 24 }, "end": { "line": 39, "column": 45 } },
        "type": "binary-expr",
        "locations": [
          { "start": { "line": 39, "column": 24 }, "end": { "line": 39, "column": 29 } },
          { "start": { "line": 39, "column": 33 }, "end": { "line": 39, "column": 45 } }
        ],
        "line": 39
      }
    },
    "s": { "0": 0, "1": 0, "2": 0, "3": 0, "4": 0, "5": 0, "6": 0, "7": 0 },
    "f": { "0": 0 },
    "b": { "0": [0, 0], "1": [0, 0], "2": [0, 0] }
  },
  "C:\\Users\\nuate\\code\\website\\v4\\src\\components\\index.js": {
    "path": "C:\\Users\\nuate\\code\\website\\v4\\src\\components\\index.js",
    "statementMap": {},
    "fnMap": {},
    "branchMap": {},
    "s": {},
    "f": {},
    "b": {}
  },
  "C:\\Users\\nuate\\code\\website\\v4\\src\\components\\layout.js": {
    "path": "C:\\Users\\nuate\\code\\website\\v4\\src\\components\\layout.js",
    "statementMap": {
      "0": { "start": { "line": 7, "column": 22 }, "end": { "line": 11, "column": 1 } },
      "1": { "start": { "line": 13, "column": 15 }, "end": { "line": 79, "column": 1 } },
      "2": { "start": { "line": 14, "column": 17 }, "end": { "line": 14, "column": 42 } },
      "3": { "start": { "line": 15, "column": 36 }, "end": { "line": 15, "column": 52 } },
      "4": { "start": { "line": 18, "column": 30 }, "end": { "line": 28, "column": 3 } },
      "5": { "start": { "line": 19, "column": 21 }, "end": { "line": 19, "column": 63 } },
      "6": { "start": { "line": 20, "column": 4 }, "end": { "line": 27, "column": 5 } },
      "7": { "start": { "line": 21, "column": 6 }, "end": { "line": 26, "column": 9 } },
      "8": { "start": { "line": 22, "column": 8 }, "end": { "line": 25, "column": 9 } },
      "9": { "start": { "line": 23, "column": 10 }, "end": { "line": 23, "column": 58 } },
      "10": { "start": { "line": 24, "column": 10 }, "end": { "line": 24, "column": 48 } },
      "11": { "start": { "line": 30, "column": 2 }, "end": { "line": 47, "column": 18 } },
      "12": { "start": { "line": 31, "column": 4 }, "end": { "line": 33, "column": 5 } },
      "13": { "start": { "line": 32, "column": 6 }, "end": { "line": 32, "column": 13 } },
      "14": { "start": { "line": 35, "column": 4 }, "end": { "line": 44, "column": 5 } },
      "15": { "start": { "line": 36, "column": 17 }, "end": { "line": 36, "column": 43 } },
      "16": { "start": { "line": 37, "column": 6 }, "end": { "line": 43, "column": 12 } },
      "17": { "start": { "line": 38, "column": 19 }, "end": { "line": 38, "column": 46 } },
      "18": { "start": { "line": 39, "column": 8 }, "end": { "line": 42, "column": 9 } },
      "19": { "start": { "line": 40, "column": 10 }, "end": { "line": 40, "column": 30 } },
      "20": { "start": { "line": 41, "column": 10 }, "end": { "line": 41, "column": 21 } },
      "21": { "start": { "line": 46, "column": 4 }, "end": { "line": 46, "column": 26 } },
      "22": { "start": { "line": 49, "column": 2 }, "end": { "line": 78, "column": 4 } },
      "23": { "start": { "line": 62, "column": 41 }, "end": { "line": 62, "column": 60 } },
      "24": { "start": { "line": 81, "column": 0 }, "end": { "line": 84, "column": 2 } }
    },
    "fnMap": {
      "0": {
        "name": "(anonymous_0)",
        "decl": { "start": { "line": 13, "column": 15 }, "end": { "line": 13, "column": 16 } },
        "loc": { "start": { "line": 13, "column": 43 }, "end": { "line": 79, "column": 1 } },
        "line": 13
      },
      "1": {
        "name": "(anonymous_1)",
        "decl": { "start": { "line": 18, "column": 30 }, "end": { "line": 18, "column": 31 } },
        "loc": { "start": { "line": 18, "column": 36 }, "end": { "line": 28, "column": 3 } },
        "line": 18
      },
      "2": {
        "name": "(anonymous_2)",
        "decl": { "start": { "line": 21, "column": 23 }, "end": { "line": 21, "column": 24 } },
        "loc": { "start": { "line": 21, "column": 31 }, "end": { "line": 26, "column": 7 } },
        "line": 21
      },
      "3": {
        "name": "(anonymous_3)",
        "decl": { "start": { "line": 30, "column": 12 }, "end": { "line": 30, "column": 13 } },
        "loc": { "start": { "line": 30, "column": 18 }, "end": { "line": 47, "column": 3 } },
        "line": 30
      },
      "4": {
        "name": "(anonymous_4)",
        "decl": { "start": { "line": 37, "column": 17 }, "end": { "line": 37, "column": 18 } },
        "loc": { "start": { "line": 37, "column": 23 }, "end": { "line": 43, "column": 7 } },
        "line": 37
      },
      "5": {
        "name": "(anonymous_5)",
        "decl": { "start": { "line": 62, "column": 35 }, "end": { "line": 62, "column": 36 } },
        "loc": { "start": { "line": 62, "column": 41 }, "end": { "line": 62, "column": 60 } },
        "line": 62
      }
    },
    "branchMap": {
      "0": {
        "loc": { "start": { "line": 20, "column": 4 }, "end": { "line": 27, "column": 5 } },
        "type": "if",
        "locations": [
          { "start": { "line": 20, "column": 4 }, "end": { "line": 27, "column": 5 } },
          { "start": {}, "end": {} }
        ],
        "line": 20
      },
      "1": {
        "loc": { "start": { "line": 22, "column": 8 }, "end": { "line": 25, "column": 9 } },
        "type": "if",
        "locations": [
          { "start": { "line": 22, "column": 8 }, "end": { "line": 25, "column": 9 } },
          { "start": {}, "end": {} }
        ],
        "line": 22
      },
      "2": {
        "loc": { "start": { "line": 31, "column": 4 }, "end": { "line": 33, "column": 5 } },
        "type": "if",
        "locations": [
          { "start": { "line": 31, "column": 4 }, "end": { "line": 33, "column": 5 } },
          { "start": {}, "end": {} }
        ],
        "line": 31
      },
      "3": {
        "loc": { "start": { "line": 35, "column": 4 }, "end": { "line": 44, "column": 5 } },
        "type": "if",
        "locations": [
          { "start": { "line": 35, "column": 4 }, "end": { "line": 44, "column": 5 } },
          { "start": {}, "end": {} }
        ],
        "line": 35
      },
      "4": {
        "loc": { "start": { "line": 39, "column": 8 }, "end": { "line": 42, "column": 9 } },
        "type": "if",
        "locations": [
          { "start": { "line": 39, "column": 8 }, "end": { "line": 42, "column": 9 } },
          { "start": {}, "end": {} }
        ],
        "line": 39
      },
      "5": {
        "loc": { "start": { "line": 61, "column": 11 }, "end": { "line": 74, "column": 11 } },
        "type": "cond-expr",
        "locations": [
          { "start": { "line": 62, "column": 12 }, "end": { "line": 62, "column": 64 } },
          { "start": { "line": 64, "column": 12 }, "end": { "line": 73, "column": 28 } }
        ],
        "line": 61
      },
      "6": {
        "loc": { "start": { "line": 61, "column": 11 }, "end": { "line": 61, "column": 30 } },
        "type": "binary-expr",
        "locations": [
          { "start": { "line": 61, "column": 11 }, "end": { "line": 61, "column": 20 } },
          { "start": { "line": 61, "column": 24 }, "end": { "line": 61, "column": 30 } }
        ],
        "line": 61
      }
    },
    "s": {
      "0": 0,
      "1": 0,
      "2": 0,
      "3": 0,
      "4": 0,
      "5": 0,
      "6": 0,
      "7": 0,
      "8": 0,
      "9": 0,
      "10": 0,
      "11": 0,
      "12": 0,
      "13": 0,
      "14": 0,
      "15": 0,
      "16": 0,
      "17": 0,
      "18": 0,
      "19": 0,
      "20": 0,
      "21": 0,
      "22": 0,
      "23": 0,
      "24": 0
    },
    "f": { "0": 0, "1": 0, "2": 0, "3": 0, "4": 0, "5": 0 },
    "b": {
      "0": [0, 0],
      "1": [0, 0],
      "2": [0, 0],
      "3": [0, 0],
      "4": [0, 0],
      "5": [0, 0],
      "6": [0, 0]
    }
  },
  "C:\\Users\\nuate\\code\\website\\v4\\src\\components\\loader.js": {
    "path": "C:\\Users\\nuate\\code\\website\\v4\\src\\components\\loader.js",
    "statementMap": {
      "0": { "start": { "line": 8, "column": 21 }, "end": { "line": 37, "column": 1 } },
      "1": { "start": { "line": 9, "column": 19 }, "end": { "line": 9, "column": 42 } },
      "2": { "start": { "line": 24, "column": 25 }, "end": { "line": 24, "column": 48 } },
      "3": { "start": { "line": 39, "column": 15 }, "end": { "line": 93, "column": 1 } },
      "4": { "start": { "line": 40, "column": 36 }, "end": { "line": 40, "column": 51 } },
      "5": { "start": { "line": 42, "column": 18 }, "end": { "line": 76, "column": 3 } },
      "6": { "start": { "line": 43, "column": 19 }, "end": { "line": 45, "column": 6 } },
      "7": { "start": { "line": 44, "column": 22 }, "end": { "line": 44, "column": 37 } },
      "8": { "start": { "line": 47, "column": 4 }, "end": { "line": 75, "column": 9 } },
      "9": { "start": { "line": 78, "column": 2 }, "end": { "line": 82, "column": 9 } },
      "10": { "start": { "line": 79, "column": 20 }, "end": { "line": 79, "column": 60 } },
      "11": { "start": { "line": 79, "column": 37 }, "end": { "line": 79, "column": 55 } },
      "12": { "start": { "line": 80, "column": 4 }, "end": { "line": 80, "column": 14 } },
      "13": { "start": { "line": 81, "column": 4 }, "end": { "line": 81, "column": 39 } },
      "14": { "start": { "line": 81, "column": 17 }, "end": { "line": 81, "column": 38 } },
      "15": { "start": { "line": 84, "column": 2 }, "end": { "line": 92, "column": 4 } },
      "16": { "start": { "line": 95, "column": 0 }, "end": { "line": 97, "column": 2 } }
    },
    "fnMap": {
      "0": {
        "name": "(anonymous_0)",
        "decl": { "start": { "line": 9, "column": 4 }, "end": { "line": 9, "column": 5 } },
        "loc": { "start": { "line": 9, "column": 19 }, "end": { "line": 9, "column": 42 } },
        "line": 9
      },
      "1": {
        "name": "(anonymous_1)",
        "decl": { "start": { "line": 24, "column": 15 }, "end": { "line": 24, "column": 16 } },
        "loc": { "start": { "line": 24, "column": 25 }, "end": { "line": 24, "column": 48 } },
        "line": 24
      },
      "2": {
        "name": "(anonymous_2)",
        "decl": { "start": { "line": 39, "column": 15 }, "end": { "line": 39, "column": 16 } },
        "loc": { "start": { "line": 39, "column": 38 }, "end": { "line": 93, "column": 1 } },
        "line": 39
      },
      "3": {
        "name": "(anonymous_3)",
        "decl": { "start": { "line": 42, "column": 18 }, "end": { "line": 42, "column": 19 } },
        "loc": { "start": { "line": 42, "column": 24 }, "end": { "line": 76, "column": 3 } },
        "line": 42
      },
      "4": {
        "name": "(anonymous_4)",
        "decl": { "start": { "line": 44, "column": 16 }, "end": { "line": 44, "column": 17 } },
        "loc": { "start": { "line": 44, "column": 22 }, "end": { "line": 44, "column": 37 } },
        "line": 44
      },
      "5": {
        "name": "(anonymous_5)",
        "decl": { "start": { "line": 78, "column": 12 }, "end": { "line": 78, "column": 13 } },
        "loc": { "start": { "line": 78, "column": 18 }, "end": { "line": 82, "column": 3 } },
        "line": 78
      },
      "6": {
        "name": "(anonymous_6)",
        "decl": { "start": { "line": 79, "column": 31 }, "end": { "line": 79, "column": 32 } },
        "loc": { "start": { "line": 79, "column": 37 }, "end": { "line": 79, "column": 55 } },
        "line": 79
      },
      "7": {
        "name": "(anonymous_7)",
        "decl": { "start": { "line": 81, "column": 11 }, "end": { "line": 81, "column": 12 } },
        "loc": { "start": { "line": 81, "column": 17 }, "end": { "line": 81, "column": 38 } },
        "line": 81
      }
    },
    "branchMap": {
      "0": {
        "loc": { "start": { "line": 24, "column": 25 }, "end": { "line": 24, "column": 48 } },
        "type": "cond-expr",
        "locations": [
          { "start": { "line": 24, "column": 43 }, "end": { "line": 24, "column": 44 } },
          { "start": { "line": 24, "column": 47 }, "end": { "line": 24, "column": 48 } }
        ],
        "line": 24
      }
    },
    "s": {
      "0": 0,
      "1": 0,
      "2": 0,
      "3": 0,
      "4": 0,
      "5": 0,
      "6": 0,
      "7": 0,
      "8": 0,
      "9": 0,
      "10": 0,
      "11": 0,
      "12": 0,
      "13": 0,
      "14": 0,
      "15": 0,
      "16": 0
    },
    "f": { "0": 0, "1": 0, "2": 0, "3": 0, "4": 0, "5": 0, "6": 0, "7": 0 },
    "b": { "0": [0, 0] }
  },
  "C:\\Users\\nuate\\code\\website\\v4\\src\\components\\menu.js": {
    "path": "C:\\Users\\nuate\\code\\website\\v4\\src\\components\\menu.js",
    "statementMap": {
      "0": { "start": { "line": 9, "column": 19 }, "end": { "line": 15, "column": 1 } },
      "1": { "start": { "line": 17, "column": 30 }, "end": { "line": 86, "column": 1 } },
      "2": { "start": { "line": 21, "column": 21 }, "end": { "line": 21, "column": 44 } },
      "3": { "start": { "line": 52, "column": 34 }, "end": { "line": 52, "column": 65 } },
      "4": { "start": { "line": 53, "column": 34 }, "end": { "line": 53, "column": 68 } },
      "5": { "start": { "line": 55, "column": 18 }, "end": { "line": 55, "column": 87 } },
      "6": { "start": { "line": 73, "column": 25 }, "end": { "line": 73, "column": 57 } },
      "7": { "start": { "line": 74, "column": 23 }, "end": { "line": 74, "column": 53 } },
      "8": { "start": { "line": 75, "column": 27 }, "end": { "line": 75, "column": 49 } },
      "9": { "start": { "line": 77, "column": 4 }, "end": { "line": 77, "column": 63 } },
      "10": { "start": { "line": 80, "column": 25 }, "end": { "line": 80, "column": 56 } },
      "11": { "start": { "line": 81, "column": 26 }, "end": { "line": 81, "column": 56 } },
      "12": { "start": { "line": 82, "column": 36 }, "end": { "line": 82, "column": 67 } },
      "13": { "start": { "line": 83, "column": 39 }, "end": { "line": 83, "column": 96 } },
      "14": { "start": { "line": 88, "column": 22 }, "end": { "line": 156, "column": 1 } },
      "15": { "start": { "line": 92, "column": 21 }, "end": { "line": 92, "column": 44 } },
      "16": { "start": { "line": 104, "column": 38 }, "end": { "line": 104, "column": 62 } },
      "17": { "start": { "line": 105, "column": 28 }, "end": { "line": 105, "column": 65 } },
      "18": { "start": { "line": 110, "column": 21 }, "end": { "line": 110, "column": 45 } },
      "19": { "start": { "line": 144, "column": 23 }, "end": { "line": 144, "column": 40 } },
      "20": { "start": { "line": 151, "column": 21 }, "end": { "line": 151, "column": 43 } },
      "21": { "start": { "line": 158, "column": 13 }, "end": { "line": 277, "column": 1 } },
      "22": { "start": { "line": 159, "column": 34 }, "end": { "line": 159, "column": 49 } },
      "23": { "start": { "line": 161, "column": 21 }, "end": { "line": 161, "column": 49 } },
      "24": { "start": { "line": 161, "column": 27 }, "end": { "line": 161, "column": 49 } },
      "25": { "start": { "line": 163, "column": 20 }, "end": { "line": 163, "column": 32 } },
      "26": { "start": { "line": 164, "column": 17 }, "end": { "line": 164, "column": 29 } },
      "27": { "start": { "line": 170, "column": 24 }, "end": { "line": 174, "column": 3 } },
      "28": { "start": { "line": 171, "column": 4 }, "end": { "line": 171, "column": 94 } },
      "29": { "start": { "line": 172, "column": 4 }, "end": { "line": 172, "column": 41 } },
      "30": { "start": { "line": 173, "column": 4 }, "end": { "line": 173, "column": 64 } },
      "31": { "start": { "line": 176, "column": 28 }, "end": { "line": 181, "column": 3 } },
      "32": { "start": { "line": 177, "column": 4 }, "end": { "line": 180, "column": 5 } },
      "33": { "start": { "line": 178, "column": 6 }, "end": { "line": 178, "column": 25 } },
      "34": { "start": { "line": 179, "column": 6 }, "end": { "line": 179, "column": 30 } },
      "35": { "start": { "line": 183, "column": 27 }, "end": { "line": 188, "column": 3 } },
      "36": { "start": { "line": 184, "column": 4 }, "end": { "line": 187, "column": 5 } },
      "37": { "start": { "line": 185, "column": 6 }, "end": { "line": 185, "column": 25 } },
      "38": { "start": { "line": 186, "column": 6 }, "end": { "line": 186, "column": 31 } },
      "39": { "start": { "line": 190, "column": 20 }, "end": { "line": 215, "column": 3 } },
      "40": { "start": { "line": 191, "column": 4 }, "end": { "line": 214, "column": 5 } },
      "41": { "start": { "line": 194, "column": 8 }, "end": { "line": 194, "column": 27 } },
      "42": { "start": { "line": 195, "column": 8 }, "end": { "line": 195, "column": 14 } },
      "43": { "start": { "line": 199, "column": 8 }, "end": { "line": 202, "column": 9 } },
      "44": { "start": { "line": 200, "column": 10 }, "end": { "line": 200, "column": 29 } },
      "45": { "start": { "line": 201, "column": 10 }, "end": { "line": 201, "column": 16 } },
      "46": { "start": { "line": 203, "column": 8 }, "end": { "line": 207, "column": 9 } },
      "47": { "start": { "line": 204, "column": 10 }, "end": { "line": 204, "column": 31 } },
      "48": { "start": { "line": 206, "column": 10 }, "end": { "line": 206, "column": 30 } },
      "49": { "start": { "line": 208, "column": 8 }, "end": { "line": 208, "column": 14 } },
      "50": { "start": { "line": 212, "column": 8 }, "end": { "line": 212, "column": 14 } },
      "51": { "start": { "line": 217, "column": 19 }, "end": { "line": 221, "column": 3 } },
      "52": { "start": { "line": 218, "column": 4 }, "end": { "line": 220, "column": 5 } },
      "53": { "start": { "line": 219, "column": 6 }, "end": { "line": 219, "column": 25 } },
      "54": { "start": { "line": 223, "column": 2 }, "end": { "line": 233, "column": 9 } },
      "55": { "start": { "line": 224, "column": 4 }, "end": { "line": 224, "column": 52 } },
      "56": { "start": { "line": 225, "column": 4 }, "end": { "line": 225, "column": 48 } },
      "57": { "start": { "line": 227, "column": 4 }, "end": { "line": 227, "column": 20 } },
      "58": { "start": { "line": 229, "column": 4 }, "end": { "line": 232, "column": 6 } },
      "59": { "start": { "line": 230, "column": 6 }, "end": { "line": 230, "column": 57 } },
      "60": { "start": { "line": 231, "column": 6 }, "end": { "line": 231, "column": 53 } },
      "61": { "start": { "line": 235, "column": 21 }, "end": { "line": 235, "column": 29 } },
      "62": { "start": { "line": 236, "column": 2 }, "end": { "line": 236, "column": 58 } },
      "63": { "start": { "line": 236, "column": 38 }, "end": { "line": 236, "column": 56 } },
      "64": { "start": { "line": 238, "column": 2 }, "end": { "line": 276, "column": 4 } },
      "65": { "start": { "line": 260, "column": 18 }, "end": { "line": 264, "column": 23 } },
      "66": { "start": { "line": 261, "column": 50 }, "end": { "line": 261, "column": 68 } }
    },
    "fnMap": {
      "0": {
        "name": "(anonymous_0)",
        "decl": { "start": { "line": 21, "column": 6 }, "end": { "line": 21, "column": 7 } },
        "loc": { "start": { "line": 21, "column": 21 }, "end": { "line": 21, "column": 44 } },
        "line": 21
      },
      "1": {
        "name": "(anonymous_1)",
        "decl": { "start": { "line": 52, "column": 24 }, "end": { "line": 52, "column": 25 } },
        "loc": { "start": { "line": 52, "column": 34 }, "end": { "line": 52, "column": 65 } },
        "line": 52
      },
      "2": {
        "name": "(anonymous_2)",
        "decl": { "start": { "line": 53, "column": 24 }, "end": { "line": 53, "column": 25 } },
        "loc": { "start": { "line": 53, "column": 34 }, "end": { "line": 53, "column": 68 } },
        "line": 53
      },
      "3": {
        "name": "(anonymous_3)",
        "decl": { "start": { "line": 55, "column": 8 }, "end": { "line": 55, "column": 9 } },
        "loc": { "start": { "line": 55, "column": 18 }, "end": { "line": 55, "column": 87 } },
        "line": 55
      },
      "4": {
        "name": "(anonymous_4)",
        "decl": { "start": { "line": 73, "column": 15 }, "end": { "line": 73, "column": 16 } },
        "loc": { "start": { "line": 73, "column": 25 }, "end": { "line": 73, "column": 57 } },
        "line": 73
      },
      "5": {
        "name": "(anonymous_5)",
        "decl": { "start": { "line": 74, "column": 13 }, "end": { "line": 74, "column": 14 } },
        "loc": { "start": { "line": 74, "column": 23 }, "end": { "line": 74, "column": 53 } },
        "line": 74
      },
      "6": {
        "name": "(anonymous_6)",
        "decl": { "start": { "line": 75, "column": 17 }, "end": { "line": 75, "column": 18 } },
        "loc": { "start": { "line": 75, "column": 27 }, "end": { "line": 75, "column": 49 } },
        "line": 75
      },
      "7": {
        "name": "(anonymous_7)",
        "decl": { "start": { "line": 76, "column": 20 }, "end": { "line": 76, "column": 21 } },
        "loc": { "start": { "line": 77, "column": 4 }, "end": { "line": 77, "column": 63 } },
        "line": 77
      },
      "8": {
        "name": "(anonymous_8)",
        "decl": { "start": { "line": 80, "column": 15 }, "end": { "line": 80, "column": 16 } },
        "loc": { "start": { "line": 80, "column": 25 }, "end": { "line": 80, "column": 56 } },
        "line": 80
      },
      "9": {
        "name": "(anonymous_9)",
        "decl": { "start": { "line": 81, "column": 16 }, "end": { "line": 81, "column": 17 } },
        "loc": { "start": { "line": 81, "column": 26 }, "end": { "line": 81, "column": 56 } },
        "line": 81
      },
      "10": {
        "name": "(anonymous_10)",
        "decl": { "start": { "line": 82, "column": 26 }, "end": { "line": 82, "column": 27 } },
        "loc": { "start": { "line": 82, "column": 36 }, "end": { "line": 82, "column": 67 } },
        "line": 82
      },
      "11": {
        "name": "(anonymous_11)",
        "decl": { "start": { "line": 83, "column": 20 }, "end": { "line": 83, "column": 21 } },
        "loc": { "start": { "line": 83, "column": 39 }, "end": { "line": 83, "column": 96 } },
        "line": 83
      },
      "12": {
        "name": "(anonymous_12)",
        "decl": { "start": { "line": 92, "column": 6 }, "end": { "line": 92, "column": 7 } },
        "loc": { "start": { "line": 92, "column": 21 }, "end": { "line": 92, "column": 44 } },
        "line": 92
      },
      "13": {
        "name": "(anonymous_13)",
        "decl": { "start": { "line": 104, "column": 28 }, "end": { "line": 104, "column": 29 } },
        "loc": { "start": { "line": 104, "column": 38 }, "end": { "line": 104, "column": 62 } },
        "line": 104
      },
      "14": {
        "name": "(anonymous_14)",
        "decl": { "start": { "line": 105, "column": 18 }, "end": { "line": 105, "column": 19 } },
        "loc": { "start": { "line": 105, "column": 28 }, "end": { "line": 105, "column": 65 } },
        "line": 105
      },
      "15": {
        "name": "(anonymous_15)",
        "decl": { "start": { "line": 110, "column": 6 }, "end": { "line": 110, "column": 7 } },
        "loc": { "start": { "line": 110, "column": 21 }, "end": { "line": 110, "column": 45 } },
        "line": 110
      },
      "16": {
        "name": "(anonymous_16)",
        "decl": { "start": { "line": 144, "column": 8 }, "end": { "line": 144, "column": 9 } },
        "loc": { "start": { "line": 144, "column": 23 }, "end": { "line": 144, "column": 40 } },
        "line": 144
      },
      "17": {
        "name": "(anonymous_17)",
        "decl": { "start": { "line": 151, "column": 6 }, "end": { "line": 151, "column": 7 } },
        "loc": { "start": { "line": 151, "column": 21 }, "end": { "line": 151, "column": 43 } },
        "line": 151
      },
      "18": {
        "name": "(anonymous_18)",
        "decl": { "start": { "line": 158, "column": 13 }, "end": { "line": 158, "column": 14 } },
        "loc": { "start": { "line": 158, "column": 19 }, "end": { "line": 277, "column": 1 } },
        "line": 158
      },
      "19": {
        "name": "(anonymous_19)",
        "decl": { "start": { "line": 161, "column": 21 }, "end": { "line": 161, "column": 22 } },
        "loc": { "start": { "line": 161, "column": 27 }, "end": { "line": 161, "column": 49 } },
        "line": 161
      },
      "20": {
        "name": "(anonymous_20)",
        "decl": { "start": { "line": 170, "column": 24 }, "end": { "line": 170, "column": 25 } },
        "loc": { "start": { "line": 170, "column": 30 }, "end": { "line": 174, "column": 3 } },
        "line": 170
      },
      "21": {
        "name": "(anonymous_21)",
        "decl": { "start": { "line": 176, "column": 28 }, "end": { "line": 176, "column": 29 } },
        "loc": { "start": { "line": 176, "column": 33 }, "end": { "line": 181, "column": 3 } },
        "line": 176
      },
      "22": {
        "name": "(anonymous_22)",
        "decl": { "start": { "line": 183, "column": 27 }, "end": { "line": 183, "column": 28 } },
        "loc": { "start": { "line": 183, "column": 32 }, "end": { "line": 188, "column": 3 } },
        "line": 183
      },
      "23": {
        "name": "(anonymous_23)",
        "decl": { "start": { "line": 190, "column": 20 }, "end": { "line": 190, "column": 21 } },
        "loc": { "start": { "line": 190, "column": 25 }, "end": { "line": 215, "column": 3 } },
        "line": 190
      },
      "24": {
        "name": "(anonymous_24)",
        "decl": { "start": { "line": 217, "column": 19 }, "end": { "line": 217, "column": 20 } },
        "loc": { "start": { "line": 217, "column": 24 }, "end": { "line": 221, "column": 3 } },
        "line": 217
      },
      "25": {
        "name": "(anonymous_25)",
        "decl": { "start": { "line": 223, "column": 12 }, "end": { "line": 223, "column": 13 } },
        "loc": { "start": { "line": 223, "column": 18 }, "end": { "line": 233, "column": 3 } },
        "line": 223
      },
      "26": {
        "name": "(anonymous_26)",
        "decl": { "start": { "line": 229, "column": 11 }, "end": { "line": 229, "column": 12 } },
        "loc": { "start": { "line": 229, "column": 17 }, "end": { "line": 232, "column": 5 } },
        "line": 229
      },
      "27": {
        "name": "(anonymous_27)",
        "decl": { "start": { "line": 236, "column": 32 }, "end": { "line": 236, "column": 33 } },
        "loc": { "start": { "line": 236, "column": 38 }, "end": { "line": 236, "column": 56 } },
        "line": 236
      },
      "28": {
        "name": "(anonymous_28)",
        "decl": { "start": { "line": 259, "column": 30 }, "end": { "line": 259, "column": 31 } },
        "loc": { "start": { "line": 260, "column": 18 }, "end": { "line": 264, "column": 23 } },
        "line": 260
      },
      "29": {
        "name": "(anonymous_29)",
        "decl": { "start": { "line": 261, "column": 44 }, "end": { "line": 261, "column": 45 } },
        "loc": { "start": { "line": 261, "column": 50 }, "end": { "line": 261, "column": 68 } },
        "line": 261
      }
    },
    "branchMap": {
      "0": {
        "loc": { "start": { "line": 52, "column": 34 }, "end": { "line": 52, "column": 65 } },
        "type": "cond-expr",
        "locations": [
          { "start": { "line": 52, "column": 51 }, "end": { "line": 52, "column": 58 } },
          { "start": { "line": 52, "column": 61 }, "end": { "line": 52, "column": 65 } }
        ],
        "line": 52
      },
      "1": {
        "loc": { "start": { "line": 53, "column": 34 }, "end": { "line": 53, "column": 68 } },
        "type": "cond-expr",
        "locations": [
          { "start": { "line": 53, "column": 51 }, "end": { "line": 53, "column": 59 } },
          { "start": { "line": 53, "column": 62 }, "end": { "line": 53, "column": 68 } }
        ],
        "line": 53
      },
      "2": {
        "loc": { "start": { "line": 55, "column": 18 }, "end": { "line": 55, "column": 87 } },
        "type": "cond-expr",
        "locations": [
          { "start": { "line": 55, "column": 35 }, "end": { "line": 55, "column": 58 } },
          { "start": { "line": 55, "column": 61 }, "end": { "line": 55, "column": 87 } }
        ],
        "line": 55
      },
      "3": {
        "loc": { "start": { "line": 73, "column": 25 }, "end": { "line": 73, "column": 57 } },
        "type": "cond-expr",
        "locations": [
          { "start": { "line": 73, "column": 42 }, "end": { "line": 73, "column": 48 } },
          { "start": { "line": 73, "column": 51 }, "end": { "line": 73, "column": 57 } }
        ],
        "line": 73
      },
      "4": {
        "loc": { "start": { "line": 74, "column": 23 }, "end": { "line": 74, "column": 53 } },
        "type": "cond-expr",
        "locations": [
          { "start": { "line": 74, "column": 40 }, "end": { "line": 74, "column": 43 } },
          { "start": { "line": 74, "column": 46 }, "end": { "line": 74, "column": 53 } }
        ],
        "line": 74
      },
      "5": {
        "loc": { "start": { "line": 75, "column": 27 }, "end": { "line": 75, "column": 49 } },
        "type": "cond-expr",
        "locations": [
          { "start": { "line": 75, "column": 44 }, "end": { "line": 75, "column": 45 } },
          { "start": { "line": 75, "column": 48 }, "end": { "line": 75, "column": 49 } }
        ],
        "line": 75
      },
      "6": {
        "loc": { "start": { "line": 77, "column": 4 }, "end": { "line": 77, "column": 63 } },
        "type": "cond-expr",
        "locations": [
          { "start": { "line": 77, "column": 15 }, "end": { "line": 77, "column": 41 } },
          { "start": { "line": 77, "column": 44 }, "end": { "line": 77, "column": 63 } }
        ],
        "line": 77
      },
      "7": {
        "loc": { "start": { "line": 80, "column": 25 }, "end": { "line": 80, "column": 56 } },
        "type": "cond-expr",
        "locations": [
          { "start": { "line": 80, "column": 42 }, "end": { "line": 80, "column": 48 } },
          { "start": { "line": 80, "column": 51 }, "end": { "line": 80, "column": 56 } }
        ],
        "line": 80
      },
      "8": {
        "loc": { "start": { "line": 81, "column": 26 }, "end": { "line": 81, "column": 56 } },
        "type": "cond-expr",
        "locations": [
          { "start": { "line": 81, "column": 43 }, "end": { "line": 81, "column": 46 } },
          { "start": { "line": 81, "column": 49 }, "end": { "line": 81, "column": 56 } }
        ],
        "line": 81
      },
      "9": {
        "loc": { "start": { "line": 82, "column": 36 }, "end": { "line": 82, "column": 67 } },
        "type": "cond-expr",
        "locations": [
          { "start": { "line": 82, "column": 53 }, "end": { "line": 82, "column": 61 } },
          { "start": { "line": 82, "column": 64 }, "end": { "line": 82, "column": 67 } }
        ],
        "line": 82
      },
      "10": {
        "loc": { "start": { "line": 83, "column": 39 }, "end": { "line": 83, "column": 96 } },
        "type": "cond-expr",
        "locations": [
          { "start": { "line": 83, "column": 50 }, "end": { "line": 83, "column": 75 } },
          { "start": { "line": 83, "column": 78 }, "end": { "line": 83, "column": 96 } }
        ],
        "line": 83
      },
      "11": {
        "loc": { "start": { "line": 104, "column": 38 }, "end": { "line": 104, "column": 62 } },
        "type": "cond-expr",
        "locations": [
          { "start": { "line": 104, "column": 55 }, "end": { "line": 104, "column": 56 } },
          { "start": { "line": 104, "column": 59 }, "end": { "line": 104, "column": 62 } }
        ],
        "line": 104
      },
      "12": {
        "loc": { "start": { "line": 105, "column": 28 }, "end": { "line": 105, "column": 65 } },
        "type": "cond-expr",
        "locations": [
          { "start": { "line": 105, "column": 45 }, "end": { "line": 105, "column": 54 } },
          { "start": { "line": 105, "column": 57 }, "end": { "line": 105, "column": 65 } }
        ],
        "line": 105
      },
      "13": {
        "loc": { "start": { "line": 177, "column": 4 }, "end": { "line": 180, "column": 5 } },
        "type": "if",
        "locations": [
          { "start": { "line": 177, "column": 4 }, "end": { "line": 180, "column": 5 } },
          { "start": {}, "end": {} }
        ],
        "line": 177
      },
      "14": {
        "loc": { "start": { "line": 184, "column": 4 }, "end": { "line": 187, "column": 5 } },
        "type": "if",
        "locations": [
          { "start": { "line": 184, "column": 4 }, "end": { "line": 187, "column": 5 } },
          { "start": {}, "end": {} }
        ],
        "line": 184
      },
      "15": {
        "loc": { "start": { "line": 191, "column": 4 }, "end": { "line": 214, "column": 5 } },
        "type": "switch",
        "locations": [
          { "start": { "line": 192, "column": 6 }, "end": { "line": 192, "column": 28 } },
          { "start": { "line": 193, "column": 6 }, "end": { "line": 196, "column": 7 } },
          { "start": { "line": 198, "column": 6 }, "end": { "line": 209, "column": 7 } },
          { "start": { "line": 211, "column": 6 }, "end": { "line": 213, "column": 7 } }
        ],
        "line": 191
      },
      "16": {
        "loc": { "start": { "line": 199, "column": 8 }, "end": { "line": 202, "column": 9 } },
        "type": "if",
        "locations": [
          { "start": { "line": 199, "column": 8 }, "end": { "line": 202, "column": 9 } },
          { "start": {}, "end": {} }
        ],
        "line": 199
      },
      "17": {
        "loc": { "start": { "line": 199, "column": 12 }, "end": { "line": 199, "column": 57 } },
        "type": "binary-expr",
        "locations": [
          { "start": { "line": 199, "column": 12 }, "end": { "line": 199, "column": 26 } },
          { "start": { "line": 199, "column": 30 }, "end": { "line": 199, "column": 57 } }
        ],
        "line": 199
      },
      "18": {
        "loc": { "start": { "line": 203, "column": 8 }, "end": { "line": 207, "column": 9 } },
        "type": "if",
        "locations": [
          { "start": { "line": 203, "column": 8 }, "end": { "line": 207, "column": 9 } },
          { "start": { "line": 205, "column": 15 }, "end": { "line": 207, "column": 9 } }
        ],
        "line": 203
      },
      "19": {
        "loc": { "start": { "line": 218, "column": 4 }, "end": { "line": 220, "column": 5 } },
        "type": "if",
        "locations": [
          { "start": { "line": 218, "column": 4 }, "end": { "line": 220, "column": 5 } },
          { "start": {}, "end": {} }
        ],
        "line": 218
      },
      "20": {
        "loc": { "start": { "line": 241, "column": 25 }, "end": { "line": 241, "column": 47 } },
        "type": "cond-expr",
        "locations": [
          { "start": { "line": 241, "column": 36 }, "end": { "line": 241, "column": 42 } },
          { "start": { "line": 241, "column": 45 }, "end": { "line": 241, "column": 47 } }
        ],
        "line": 241
      },
      "21": {
        "loc": { "start": { "line": 255, "column": 77 }, "end": { "line": 255, "column": 94 } },
        "type": "cond-expr",
        "locations": [
          { "start": { "line": 255, "column": 88 }, "end": { "line": 255, "column": 89 } },
          { "start": { "line": 255, "column": 92 }, "end": { "line": 255, "column": 94 } }
        ],
        "line": 255
      },
      "22": {
        "loc": { "start": { "line": 257, "column": 13 }, "end": { "line": 267, "column": 13 } },
        "type": "binary-expr",
        "locations": [
          { "start": { "line": 257, "column": 13 }, "end": { "line": 257, "column": 21 } },
          { "start": { "line": 258, "column": 14 }, "end": { "line": 266, "column": 19 } }
        ],
        "line": 257
      }
    },
    "s": {
      "0": 0,
      "1": 0,
      "2": 0,
      "3": 0,
      "4": 0,
      "5": 0,
      "6": 0,
      "7": 0,
      "8": 0,
      "9": 0,
      "10": 0,
      "11": 0,
      "12": 0,
      "13": 0,
      "14": 0,
      "15": 0,
      "16": 0,
      "17": 0,
      "18": 0,
      "19": 0,
      "20": 0,
      "21": 0,
      "22": 0,
      "23": 0,
      "24": 0,
      "25": 0,
      "26": 0,
      "27": 0,
      "28": 0,
      "29": 0,
      "30": 0,
      "31": 0,
      "32": 0,
      "33": 0,
      "34": 0,
      "35": 0,
      "36": 0,
      "37": 0,
      "38": 0,
      "39": 0,
      "40": 0,
      "41": 0,
      "42": 0,
      "43": 0,
      "44": 0,
      "45": 0,
      "46": 0,
      "47": 0,
      "48": 0,
      "49": 0,
      "50": 0,
      "51": 0,
      "52": 0,
      "53": 0,
      "54": 0,
      "55": 0,
      "56": 0,
      "57": 0,
      "58": 0,
      "59": 0,
      "60": 0,
      "61": 0,
      "62": 0,
      "63": 0,
      "64": 0,
      "65": 0,
      "66": 0
    },
    "f": {
      "0": 0,
      "1": 0,
      "2": 0,
      "3": 0,
      "4": 0,
      "5": 0,
      "6": 0,
      "7": 0,
      "8": 0,
      "9": 0,
      "10": 0,
      "11": 0,
      "12": 0,
      "13": 0,
      "14": 0,
      "15": 0,
      "16": 0,
      "17": 0,
      "18": 0,
      "19": 0,
      "20": 0,
      "21": 0,
      "22": 0,
      "23": 0,
      "24": 0,
      "25": 0,
      "26": 0,
      "27": 0,
      "28": 0,
      "29": 0
    },
    "b": {
      "0": [0, 0],
      "1": [0, 0],
      "2": [0, 0],
      "3": [0, 0],
      "4": [0, 0],
      "5": [0, 0],
      "6": [0, 0],
      "7": [0, 0],
      "8": [0, 0],
      "9": [0, 0],
      "10": [0, 0],
      "11": [0, 0],
      "12": [0, 0],
      "13": [0, 0],
      "14": [0, 0],
      "15": [0, 0, 0, 0],
      "16": [0, 0],
      "17": [0, 0],
      "18": [0, 0],
      "19": [0, 0],
      "20": [0, 0],
      "21": [0, 0],
      "22": [0, 0]
    }
  },
  "C:\\Users\\nuate\\code\\website\\v4\\src\\components\\nav.js": {
    "path": "C:\\Users\\nuate\\code\\website\\v4\\src\\components\\nav.js",
    "statementMap": {
      "0": { "start": { "line": 12, "column": 21 }, "end": { "line": 54, "column": 1 } },
      "1": { "start": { "line": 13, "column": 19 }, "end": { "line": 13, "column": 43 } },
      "2": { "start": { "line": 36, "column": 4 }, "end": { "line": 43, "column": 7 } },
      "3": { "start": { "line": 46, "column": 4 }, "end": { "line": 52, "column": 7 } },
      "4": { "start": { "line": 56, "column": 18 }, "end": { "line": 110, "column": 1 } },
      "5": { "start": { "line": 57, "column": 19 }, "end": { "line": 57, "column": 43 } },
      "6": { "start": { "line": 66, "column": 21 }, "end": { "line": 66, "column": 44 } },
      "7": { "start": { "line": 112, "column": 20 }, "end": { "line": 151, "column": 1 } },
      "8": { "start": { "line": 121, "column": 21 }, "end": { "line": 121, "column": 45 } },
      "9": { "start": { "line": 147, "column": 21 }, "end": { "line": 147, "column": 45 } },
      "10": { "start": { "line": 153, "column": 12 }, "end": { "line": 283, "column": 1 } },
      "11": { "start": { "line": 154, "column": 36 }, "end": { "line": 154, "column": 53 } },
      "12": { "start": { "line": 155, "column": 26 }, "end": { "line": 155, "column": 52 } },
      "13": { "start": { "line": 156, "column": 44 }, "end": { "line": 156, "column": 58 } },
      "14": { "start": { "line": 157, "column": 31 }, "end": { "line": 157, "column": 56 } },
      "15": { "start": { "line": 159, "column": 23 }, "end": { "line": 161, "column": 3 } },
      "16": { "start": { "line": 160, "column": 4 }, "end": { "line": 160, "column": 46 } },
      "17": { "start": { "line": 163, "column": 2 }, "end": { "line": 178, "column": 9 } },
      "18": { "start": { "line": 164, "column": 4 }, "end": { "line": 166, "column": 5 } },
      "19": { "start": { "line": 165, "column": 6 }, "end": { "line": 165, "column": 13 } },
      "20": { "start": { "line": 168, "column": 20 }, "end": { "line": 170, "column": 11 } },
      "21": { "start": { "line": 169, "column": 6 }, "end": { "line": 169, "column": 25 } },
      "22": { "start": { "line": 172, "column": 4 }, "end": { "line": 172, "column": 52 } },
      "23": { "start": { "line": 174, "column": 4 }, "end": { "line": 177, "column": 6 } },
      "24": { "start": { "line": 175, "column": 6 }, "end": { "line": 175, "column": 28 } },
      "25": { "start": { "line": 176, "column": 6 }, "end": { "line": 176, "column": 57 } },
      "26": { "start": { "line": 180, "column": 18 }, "end": { "line": 180, "column": 42 } },
      "27": { "start": { "line": 181, "column": 20 }, "end": { "line": 181, "column": 40 } },
      "28": { "start": { "line": 182, "column": 24 }, "end": { "line": 182, "column": 48 } },
      "29": { "start": { "line": 185, "column": 4 }, "end": { "line": 205, "column": 10 } },
      "30": { "start": { "line": 209, "column": 4 }, "end": { "line": 211, "column": 8 } },
      "31": { "start": { "line": 214, "column": 2 }, "end": { "line": 282, "column": 4 } },
      "32": { "start": { "line": 225, "column": 20 }, "end": { "line": 227, "column": 25 } },
      "33": { "start": { "line": 251, "column": 22 }, "end": { "line": 255, "column": 38 } },
      "34": { "start": { "line": 285, "column": 0 }, "end": { "line": 287, "column": 2 } }
    },
    "fnMap": {
      "0": {
        "name": "(anonymous_0)",
        "decl": { "start": { "line": 13, "column": 4 }, "end": { "line": 13, "column": 5 } },
        "loc": { "start": { "line": 13, "column": 19 }, "end": { "line": 13, "column": 43 } },
        "line": 13
      },
      "1": {
        "name": "(anonymous_1)",
        "decl": { "start": { "line": 35, "column": 6 }, "end": { "line": 35, "column": 7 } },
        "loc": { "start": { "line": 36, "column": 4 }, "end": { "line": 43, "column": 7 } },
        "line": 36
      },
      "2": {
        "name": "(anonymous_2)",
        "decl": { "start": { "line": 45, "column": 6 }, "end": { "line": 45, "column": 7 } },
        "loc": { "start": { "line": 46, "column": 4 }, "end": { "line": 52, "column": 7 } },
        "line": 46
      },
      "3": {
        "name": "(anonymous_3)",
        "decl": { "start": { "line": 57, "column": 4 }, "end": { "line": 57, "column": 5 } },
        "loc": { "start": { "line": 57, "column": 19 }, "end": { "line": 57, "column": 43 } },
        "line": 57
      },
      "4": {
        "name": "(anonymous_4)",
        "decl": { "start": { "line": 66, "column": 6 }, "end": { "line": 66, "column": 7 } },
        "loc": { "start": { "line": 66, "column": 21 }, "end": { "line": 66, "column": 44 } },
        "line": 66
      },
      "5": {
        "name": "(anonymous_5)",
        "decl": { "start": { "line": 121, "column": 6 }, "end": { "line": 121, "column": 7 } },
        "loc": { "start": { "line": 121, "column": 21 }, "end": { "line": 121, "column": 45 } },
        "line": 121
      },
      "6": {
        "name": "(anonymous_6)",
        "decl": { "start": { "line": 147, "column": 6 }, "end": { "line": 147, "column": 7 } },
        "loc": { "start": { "line": 147, "column": 21 }, "end": { "line": 147, "column": 45 } },
        "line": 147
      },
      "7": {
        "name": "(anonymous_7)",
        "decl": { "start": { "line": 153, "column": 12 }, "end": { "line": 153, "column": 13 } },
        "loc": { "start": { "line": 153, "column": 28 }, "end": { "line": 283, "column": 1 } },
        "line": 153
      },
      "8": {
        "name": "(anonymous_8)",
        "decl": { "start": { "line": 159, "column": 23 }, "end": { "line": 159, "column": 24 } },
        "loc": { "start": { "line": 159, "column": 29 }, "end": { "line": 161, "column": 3 } },
        "line": 159
      },
      "9": {
        "name": "(anonymous_9)",
        "decl": { "start": { "line": 163, "column": 12 }, "end": { "line": 163, "column": 13 } },
        "loc": { "start": { "line": 163, "column": 18 }, "end": { "line": 178, "column": 3 } },
        "line": 163
      },
      "10": {
        "name": "(anonymous_10)",
        "decl": { "start": { "line": 168, "column": 31 }, "end": { "line": 168, "column": 32 } },
        "loc": { "start": { "line": 168, "column": 37 }, "end": { "line": 170, "column": 5 } },
        "line": 168
      },
      "11": {
        "name": "(anonymous_11)",
        "decl": { "start": { "line": 174, "column": 11 }, "end": { "line": 174, "column": 12 } },
        "loc": { "start": { "line": 174, "column": 17 }, "end": { "line": 177, "column": 5 } },
        "line": 174
      },
      "12": {
        "name": "(anonymous_12)",
        "decl": { "start": { "line": 224, "column": 31 }, "end": { "line": 224, "column": 32 } },
        "loc": { "start": { "line": 225, "column": 20 }, "end": { "line": 227, "column": 25 } },
        "line": 225
      },
      "13": {
        "name": "(anonymous_13)",
        "decl": { "start": { "line": 250, "column": 33 }, "end": { "line": 250, "column": 34 } },
        "loc": { "start": { "line": 251, "column": 22 }, "end": { "line": 255, "column": 38 } },
        "line": 251
      }
    },
    "branchMap": {
      "0": {
        "loc": { "start": { "line": 36, "column": 4 }, "end": { "line": 43, "column": 7 } },
        "type": "binary-expr",
        "locations": [
          { "start": { "line": 36, "column": 4 }, "end": { "line": 36, "column": 34 } },
          { "start": { "line": 37, "column": 6 }, "end": { "line": 37, "column": 26 } },
          { "start": { "line": 38, "column": 6 }, "end": { "line": 43, "column": 7 } }
        ],
        "line": 36
      },
      "1": {
        "loc": { "start": { "line": 46, "column": 4 }, "end": { "line": 52, "column": 7 } },
        "type": "binary-expr",
        "locations": [
          { "start": { "line": 46, "column": 4 }, "end": { "line": 46, "column": 36 } },
          { "start": { "line": 47, "column": 6 }, "end": { "line": 47, "column": 26 } },
          { "start": { "line": 48, "column": 6 }, "end": { "line": 52, "column": 7 } }
        ],
        "line": 46
      },
      "2": {
        "loc": { "start": { "line": 164, "column": 4 }, "end": { "line": 166, "column": 5 } },
        "type": "if",
        "locations": [
          { "start": { "line": 164, "column": 4 }, "end": { "line": 166, "column": 5 } },
          { "start": {}, "end": {} }
        ],
        "line": 164
      },
      "3": {
        "loc": { "start": { "line": 180, "column": 18 }, "end": { "line": 180, "column": 42 } },
        "type": "cond-expr",
        "locations": [
          { "start": { "line": 180, "column": 27 }, "end": { "line": 180, "column": 38 } },
          { "start": { "line": 180, "column": 41 }, "end": { "line": 180, "column": 42 } }
        ],
        "line": 180
      },
      "4": {
        "loc": { "start": { "line": 181, "column": 20 }, "end": { "line": 181, "column": 40 } },
        "type": "cond-expr",
        "locations": [
          { "start": { "line": 181, "column": 29 }, "end": { "line": 181, "column": 35 } },
          { "start": { "line": 181, "column": 38 }, "end": { "line": 181, "column": 40 } }
        ],
        "line": 181
      },
      "5": {
        "loc": { "start": { "line": 182, "column": 24 }, "end": { "line": 182, "column": 48 } },
        "type": "cond-expr",
        "locations": [
          { "start": { "line": 182, "column": 33 }, "end": { "line": 182, "column": 43 } },
          { "start": { "line": 182, "column": 46 }, "end": { "line": 182, "column": 48 } }
        ],
        "line": 182
      },
      "6": {
        "loc": { "start": { "line": 186, "column": 7 }, "end": { "line": 204, "column": 7 } },
        "type": "cond-expr",
        "locations": [
          { "start": { "line": 187, "column": 8 }, "end": { "line": 194, "column": 12 } },
          { "start": { "line": 196, "column": 8 }, "end": { "line": 203, "column": 15 } }
        ],
        "line": 186
      },
      "7": {
        "loc": { "start": { "line": 217, "column": 9 }, "end": { "line": 279, "column": 9 } },
        "type": "cond-expr",
        "locations": [
          { "start": { "line": 218, "column": 10 }, "end": { "line": 234, "column": 13 } },
          { "start": { "line": 236, "column": 10 }, "end": { "line": 278, "column": 13 } }
        ],
        "line": 217
      },
      "8": {
        "loc": { "start": { "line": 223, "column": 17 }, "end": { "line": 228, "column": 20 } },
        "type": "binary-expr",
        "locations": [
          { "start": { "line": 223, "column": 17 }, "end": { "line": 223, "column": 25 } },
          { "start": { "line": 224, "column": 18 }, "end": { "line": 228, "column": 20 } }
        ],
        "line": 223
      },
      "9": {
        "loc": { "start": { "line": 238, "column": 15 }, "end": { "line": 242, "column": 15 } },
        "type": "binary-expr",
        "locations": [
          { "start": { "line": 238, "column": 15 }, "end": { "line": 238, "column": 24 } },
          { "start": { "line": 239, "column": 16 }, "end": { "line": 241, "column": 32 } }
        ],
        "line": 238
      },
      "10": {
        "loc": { "start": { "line": 248, "column": 19 }, "end": { "line": 256, "column": 22 } },
        "type": "binary-expr",
        "locations": [
          { "start": { "line": 248, "column": 19 }, "end": { "line": 248, "column": 28 } },
          { "start": { "line": 249, "column": 20 }, "end": { "line": 249, "column": 28 } },
          { "start": { "line": 250, "column": 20 }, "end": { "line": 256, "column": 22 } }
        ],
        "line": 248
      },
      "11": {
        "loc": { "start": { "line": 252, "column": 65 }, "end": { "line": 252, "column": 85 } },
        "type": "cond-expr",
        "locations": [
          { "start": { "line": 252, "column": 74 }, "end": { "line": 252, "column": 81 } },
          { "start": { "line": 252, "column": 84 }, "end": { "line": 252, "column": 85 } }
        ],
        "line": 252
      },
      "12": {
        "loc": { "start": { "line": 261, "column": 17 }, "end": { "line": 267, "column": 17 } },
        "type": "binary-expr",
        "locations": [
          { "start": { "line": 261, "column": 17 }, "end": { "line": 261, "column": 26 } },
          { "start": { "line": 262, "column": 18 }, "end": { "line": 266, "column": 34 } }
        ],
        "line": 261
      },
      "13": {
        "loc": { "start": { "line": 263, "column": 54 }, "end": { "line": 263, "column": 88 } },
        "type": "cond-expr",
        "locations": [
          { "start": { "line": 263, "column": 63 }, "end": { "line": 263, "column": 84 } },
          { "start": { "line": 263, "column": 87 }, "end": { "line": 263, "column": 88 } }
        ],
        "line": 263
      },
      "14": {
        "loc": { "start": { "line": 272, "column": 15 }, "end": { "line": 276, "column": 15 } },
        "type": "binary-expr",
        "locations": [
          { "start": { "line": 272, "column": 15 }, "end": { "line": 272, "column": 24 } },
          { "start": { "line": 273, "column": 16 }, "end": { "line": 275, "column": 32 } }
        ],
        "line": 272
      }
    },
    "s": {
      "0": 0,
      "1": 0,
      "2": 0,
      "3": 0,
      "4": 0,
      "5": 0,
      "6": 0,
      "7": 0,
      "8": 0,
      "9": 0,
      "10": 0,
      "11": 0,
      "12": 0,
      "13": 0,
      "14": 0,
      "15": 0,
      "16": 0,
      "17": 0,
      "18": 0,
      "19": 0,
      "20": 0,
      "21": 0,
      "22": 0,
      "23": 0,
      "24": 0,
      "25": 0,
      "26": 0,
      "27": 0,
      "28": 0,
      "29": 0,
      "30": 0,
      "31": 0,
      "32": 0,
      "33": 0,
      "34": 0
    },
    "f": {
      "0": 0,
      "1": 0,
      "2": 0,
      "3": 0,
      "4": 0,
      "5": 0,
      "6": 0,
      "7": 0,
      "8": 0,
      "9": 0,
      "10": 0,
      "11": 0,
      "12": 0,
      "13": 0
    },
    "b": {
      "0": [0, 0, 0],
      "1": [0, 0, 0],
      "2": [0, 0],
      "3": [0, 0],
      "4": [0, 0],
      "5": [0, 0],
      "6": [0, 0],
      "7": [0, 0],
      "8": [0, 0],
      "9": [0, 0],
      "10": [0, 0, 0],
      "11": [0, 0],
      "12": [0, 0],
      "13": [0, 0],
      "14": [0, 0]
    }
  },
  "C:\\Users\\nuate\\code\\website\\v4\\src\\components\\side.js": {
    "path": "C:\\Users\\nuate\\code\\website\\v4\\src\\components\\side.js",
    "statementMap": {
      "0": { "start": { "line": 8, "column": 26 }, "end": { "line": 25, "column": 1 } },
      "1": { "start": { "line": 12, "column": 20 }, "end": { "line": 12, "column": 66 } },
      "2": { "start": { "line": 13, "column": 21 }, "end": { "line": 13, "column": 67 } },
      "3": { "start": { "line": 18, "column": 22 }, "end": { "line": 18, "column": 68 } },
      "4": { "start": { "line": 19, "column": 23 }, "end": { "line": 19, "column": 69 } },
      "5": { "start": { "line": 27, "column": 13 }, "end": { "line": 54, "column": 1 } },
      "6": { "start": { "line": 28, "column": 36 }, "end": { "line": 28, "column": 53 } },
      "7": { "start": { "line": 29, "column": 31 }, "end": { "line": 29, "column": 56 } },
      "8": { "start": { "line": 31, "column": 2 }, "end": { "line": 37, "column": 9 } },
      "9": { "start": { "line": 32, "column": 4 }, "end": { "line": 34, "column": 5 } },
      "10": { "start": { "line": 33, "column": 6 }, "end": { "line": 33, "column": 13 } },
      "11": { "start": { "line": 35, "column": 20 }, "end": { "line": 35, "column": 69 } },
      "12": { "start": { "line": 35, "column": 37 }, "end": { "line": 35, "column": 55 } },
      "13": { "start": { "line": 36, "column": 4 }, "end": { "line": 36, "column": 39 } },
      "14": { "start": { "line": 36, "column": 17 }, "end": { "line": 36, "column": 38 } },
      "15": { "start": { "line": 39, "column": 2 }, "end": { "line": 53, "column": 4 } },
      "16": { "start": { "line": 56, "column": 0 }, "end": { "line": 60, "column": 2 } }
    },
    "fnMap": {
      "0": {
        "name": "(anonymous_0)",
        "decl": { "start": { "line": 12, "column": 10 }, "end": { "line": 12, "column": 11 } },
        "loc": { "start": { "line": 12, "column": 20 }, "end": { "line": 12, "column": 66 } },
        "line": 12
      },
      "1": {
        "name": "(anonymous_1)",
        "decl": { "start": { "line": 13, "column": 11 }, "end": { "line": 13, "column": 12 } },
        "loc": { "start": { "line": 13, "column": 21 }, "end": { "line": 13, "column": 67 } },
        "line": 13
      },
      "2": {
        "name": "(anonymous_2)",
        "decl": { "start": { "line": 18, "column": 12 }, "end": { "line": 18, "column": 13 } },
        "loc": { "start": { "line": 18, "column": 22 }, "end": { "line": 18, "column": 68 } },
        "line": 18
      },
      "3": {
        "name": "(anonymous_3)",
        "decl": { "start": { "line": 19, "column": 13 }, "end": { "line": 19, "column": 14 } },
        "loc": { "start": { "line": 19, "column": 23 }, "end": { "line": 19, "column": 69 } },
        "line": 19
      },
      "4": {
        "name": "(anonymous_4)",
        "decl": { "start": { "line": 27, "column": 13 }, "end": { "line": 27, "column": 14 } },
        "loc": { "start": { "line": 27, "column": 52 }, "end": { "line": 54, "column": 1 } },
        "line": 27
      },
      "5": {
        "name": "(anonymous_5)",
        "decl": { "start": { "line": 31, "column": 12 }, "end": { "line": 31, "column": 13 } },
        "loc": { "start": { "line": 31, "column": 18 }, "end": { "line": 37, "column": 3 } },
        "line": 31
      },
      "6": {
        "name": "(anonymous_6)",
        "decl": { "start": { "line": 35, "column": 31 }, "end": { "line": 35, "column": 32 } },
        "loc": { "start": { "line": 35, "column": 37 }, "end": { "line": 35, "column": 55 } },
        "line": 35
      },
      "7": {
        "name": "(anonymous_7)",
        "decl": { "start": { "line": 36, "column": 11 }, "end": { "line": 36, "column": 12 } },
        "loc": { "start": { "line": 36, "column": 17 }, "end": { "line": 36, "column": 38 } },
        "line": 36
      }
    },
    "branchMap": {
      "0": {
        "loc": { "start": { "line": 12, "column": 20 }, "end": { "line": 12, "column": 66 } },
        "type": "cond-expr",
        "locations": [
          { "start": { "line": 12, "column": 51 }, "end": { "line": 12, "column": 57 } },
          { "start": { "line": 12, "column": 60 }, "end": { "line": 12, "column": 66 } }
        ],
        "line": 12
      },
      "1": {
        "loc": { "start": { "line": 13, "column": 21 }, "end": { "line": 13, "column": 67 } },
        "type": "cond-expr",
        "locations": [
          { "start": { "line": 13, "column": 52 }, "end": { "line": 13, "column": 58 } },
          { "start": { "line": 13, "column": 61 }, "end": { "line": 13, "column": 67 } }
        ],
        "line": 13
      },
      "2": {
        "loc": { "start": { "line": 18, "column": 22 }, "end": { "line": 18, "column": 68 } },
        "type": "cond-expr",
        "locations": [
          { "start": { "line": 18, "column": 53 }, "end": { "line": 18, "column": 59 } },
          { "start": { "line": 18, "column": 62 }, "end": { "line": 18, "column": 68 } }
        ],
        "line": 18
      },
      "3": {
        "loc": { "start": { "line": 19, "column": 23 }, "end": { "line": 19, "column": 69 } },
        "type": "cond-expr",
        "locations": [
          { "start": { "line": 19, "column": 54 }, "end": { "line": 19, "column": 60 } },
          { "start": { "line": 19, "column": 63 }, "end": { "line": 19, "column": 69 } }
        ],
        "line": 19
      },
      "4": {
        "loc": { "start": { "line": 32, "column": 4 }, "end": { "line": 34, "column": 5 } },
        "type": "if",
        "locations": [
          { "start": { "line": 32, "column": 4 }, "end": { "line": 34, "column": 5 } },
          { "start": {}, "end": {} }
        ],
        "line": 32
      },
      "5": {
        "loc": { "start": { "line": 32, "column": 8 }, "end": { "line": 32, "column": 39 } },
        "type": "binary-expr",
        "locations": [
          { "start": { "line": 32, "column": 8 }, "end": { "line": 32, "column": 15 } },
          { "start": { "line": 32, "column": 19 }, "end": { "line": 32, "column": 39 } }
        ],
        "line": 32
      },
      "6": {
        "loc": { "start": { "line": 41, "column": 7 }, "end": { "line": 51, "column": 7 } },
        "type": "cond-expr",
        "locations": [
          { "start": { "line": 42, "column": 8 }, "end": { "line": 42, "column": 23 } },
          { "start": { "line": 44, "column": 8 }, "end": { "line": 50, "column": 26 } }
        ],
        "line": 41
      },
      "7": {
        "loc": { "start": { "line": 45, "column": 11 }, "end": { "line": 49, "column": 11 } },
        "type": "binary-expr",
        "locations": [
          { "start": { "line": 45, "column": 11 }, "end": { "line": 45, "column": 20 } },
          { "start": { "line": 46, "column": 12 }, "end": { "line": 48, "column": 28 } }
        ],
        "line": 45
      },
      "8": {
        "loc": { "start": { "line": 46, "column": 39 }, "end": { "line": 46, "column": 59 } },
        "type": "cond-expr",
        "locations": [
          { "start": { "line": 46, "column": 48 }, "end": { "line": 46, "column": 54 } },
          { "start": { "line": 46, "column": 57 }, "end": { "line": 46, "column": 59 } }
        ],
        "line": 46
      },
      "9": {
        "loc": { "start": { "line": 46, "column": 70 }, "end": { "line": 46, "column": 94 } },
        "type": "cond-expr",
        "locations": [
          { "start": { "line": 46, "column": 79 }, "end": { "line": 46, "column": 90 } },
          { "start": { "line": 46, "column": 93 }, "end": { "line": 46, "column": 94 } }
        ],
        "line": 46
      }
    },
    "s": {
      "0": 0,
      "1": 0,
      "2": 0,
      "3": 0,
      "4": 0,
      "5": 0,
      "6": 0,
      "7": 0,
      "8": 0,
      "9": 0,
      "10": 0,
      "11": 0,
      "12": 0,
      "13": 0,
      "14": 0,
      "15": 0,
      "16": 0
    },
    "f": { "0": 0, "1": 0, "2": 0, "3": 0, "4": 0, "5": 0, "6": 0, "7": 0 },
    "b": {
      "0": [0, 0],
      "1": [0, 0],
      "2": [0, 0],
      "3": [0, 0],
      "4": [0, 0],
      "5": [0, 0],
      "6": [0, 0],
      "7": [0, 0],
      "8": [0, 0],
      "9": [0, 0]
    }
  },
  "C:\\Users\\nuate\\code\\website\\v4\\src\\components\\social.js": {
    "path": "C:\\Users\\nuate\\code\\website\\v4\\src\\components\\social.js",
    "statementMap": {
      "0": { "start": { "line": 8, "column": 25 }, "end": { "line": 44, "column": 1 } },
      "1": { "start": { "line": 46, "column": 15 }, "end": { "line": 59, "column": 1 } },
      "2": { "start": { "line": 47, "column": 2 }, "end": { "line": 58, "column": 9 } },
      "3": { "start": { "line": 51, "column": 10 }, "end": { "line": 55, "column": 15 } },
      "4": { "start": { "line": 61, "column": 0 }, "end": { "line": 63, "column": 2 } }
    },
    "fnMap": {
      "0": {
        "name": "(anonymous_0)",
        "decl": { "start": { "line": 46, "column": 15 }, "end": { "line": 46, "column": 16 } },
        "loc": { "start": { "line": 47, "column": 2 }, "end": { "line": 58, "column": 9 } },
        "line": 47
      },
      "1": {
        "name": "(anonymous_1)",
        "decl": { "start": { "line": 50, "column": 24 }, "end": { "line": 50, "column": 25 } },
        "loc": { "start": { "line": 51, "column": 10 }, "end": { "line": 55, "column": 15 } },
        "line": 51
      }
    },
    "branchMap": {
      "0": {
        "loc": { "start": { "line": 49, "column": 7 }, "end": { "line": 56, "column": 10 } },
        "type": "binary-expr",
        "locations": [
          { "start": { "line": 49, "column": 7 }, "end": { "line": 49, "column": 18 } },
          { "start": { "line": 50, "column": 8 }, "end": { "line": 56, "column": 10 } }
        ],
        "line": 49
      }
    },
    "s": { "0": 0, "1": 0, "2": 0, "3": 0, "4": 0 },
    "f": { "0": 0, "1": 0 },
    "b": { "0": [0, 0] }
  },
  "C:\\Users\\nuate\\code\\website\\v4\\src\\components\\icons\\appstore.js": {
    "path": "C:\\Users\\nuate\\code\\website\\v4\\src\\components\\icons\\appstore.js",
    "statementMap": {
      "0": { "start": { "line": 3, "column": 21 }, "end": { "line": 49, "column": 1 } },
      "1": { "start": { "line": 4, "column": 2 }, "end": { "line": 48, "column": 8 } }
    },
    "fnMap": {
      "0": {
        "name": "(anonymous_0)",
        "decl": { "start": { "line": 3, "column": 21 }, "end": { "line": 3, "column": 22 } },
        "loc": { "start": { "line": 4, "column": 2 }, "end": { "line": 48, "column": 8 } },
        "line": 4
      }
    },
    "branchMap": {},
    "s": { "0": 0, "1": 0 },
    "f": { "0": 0 },
    "b": {}
  },
  "C:\\Users\\nuate\\code\\website\\v4\\src\\components\\icons\\bookmark.js": {
    "path": "C:\\Users\\nuate\\code\\website\\v4\\src\\components\\icons\\bookmark.js",
    "statementMap": {
      "0": { "start": { "line": 3, "column": 21 }, "end": { "line": 16, "column": 1 } },
      "1": { "start": { "line": 4, "column": 2 }, "end": { "line": 15, "column": 8 } }
    },
    "fnMap": {
      "0": {
        "name": "(anonymous_0)",
        "decl": { "start": { "line": 3, "column": 21 }, "end": { "line": 3, "column": 22 } },
        "loc": { "start": { "line": 4, "column": 2 }, "end": { "line": 15, "column": 8 } },
        "line": 4
      }
    },
    "branchMap": {},
    "s": { "0": 0, "1": 0 },
    "f": { "0": 0 },
    "b": {}
  },
  "C:\\Users\\nuate\\code\\website\\v4\\src\\components\\icons\\codepen.js": {
    "path": "C:\\Users\\nuate\\code\\website\\v4\\src\\components\\icons\\codepen.js",
    "statementMap": {
      "0": { "start": { "line": 3, "column": 20 }, "end": { "line": 21, "column": 1 } },
      "1": { "start": { "line": 4, "column": 2 }, "end": { "line": 20, "column": 8 } }
    },
    "fnMap": {
      "0": {
        "name": "(anonymous_0)",
        "decl": { "start": { "line": 3, "column": 20 }, "end": { "line": 3, "column": 21 } },
        "loc": { "start": { "line": 4, "column": 2 }, "end": { "line": 20, "column": 8 } },
        "line": 4
      }
    },
    "branchMap": {},
    "s": { "0": 0, "1": 0 },
    "f": { "0": 0 },
    "b": {}
  },
  "C:\\Users\\nuate\\code\\website\\v4\\src\\components\\icons\\external.js": {
    "path": "C:\\Users\\nuate\\code\\website\\v4\\src\\components\\icons\\external.js",
    "statementMap": {
      "0": { "start": { "line": 3, "column": 21 }, "end": { "line": 19, "column": 1 } },
      "1": { "start": { "line": 4, "column": 2 }, "end": { "line": 18, "column": 8 } }
    },
    "fnMap": {
      "0": {
        "name": "(anonymous_0)",
        "decl": { "start": { "line": 3, "column": 21 }, "end": { "line": 3, "column": 22 } },
        "loc": { "start": { "line": 4, "column": 2 }, "end": { "line": 18, "column": 8 } },
        "line": 4
      }
    },
    "branchMap": {},
    "s": { "0": 0, "1": 0 },
    "f": { "0": 0 },
    "b": {}
  },
  "C:\\Users\\nuate\\code\\website\\v4\\src\\components\\icons\\folder.js": {
    "path": "C:\\Users\\nuate\\code\\website\\v4\\src\\components\\icons\\folder.js",
    "statementMap": {
      "0": { "start": { "line": 3, "column": 19 }, "end": { "line": 17, "column": 1 } },
      "1": { "start": { "line": 4, "column": 2 }, "end": { "line": 16, "column": 8 } }
    },
    "fnMap": {
      "0": {
        "name": "(anonymous_0)",
        "decl": { "start": { "line": 3, "column": 19 }, "end": { "line": 3, "column": 20 } },
        "loc": { "start": { "line": 4, "column": 2 }, "end": { "line": 16, "column": 8 } },
        "line": 4
      }
    },
    "branchMap": {},
    "s": { "0": 0, "1": 0 },
    "f": { "0": 0 },
    "b": {}
  },
  "C:\\Users\\nuate\\code\\website\\v4\\src\\components\\icons\\fork.js": {
    "path": "C:\\Users\\nuate\\code\\website\\v4\\src\\components\\icons\\fork.js",
    "statementMap": {
      "0": { "start": { "line": 3, "column": 17 }, "end": { "line": 18, "column": 1 } },
      "1": { "start": { "line": 4, "column": 2 }, "end": { "line": 17, "column": 8 } }
    },
    "fnMap": {
      "0": {
        "name": "(anonymous_0)",
        "decl": { "start": { "line": 3, "column": 17 }, "end": { "line": 3, "column": 18 } },
        "loc": { "start": { "line": 4, "column": 2 }, "end": { "line": 17, "column": 8 } },
        "line": 4
      }
    },
    "branchMap": {},
    "s": { "0": 0, "1": 0 },
    "f": { "0": 0 },
    "b": {}
  },
  "C:\\Users\\nuate\\code\\website\\v4\\src\\components\\icons\\github.js": {
    "path": "C:\\Users\\nuate\\code\\website\\v4\\src\\components\\icons\\github.js",
    "statementMap": {
      "0": { "start": { "line": 3, "column": 19 }, "end": { "line": 17, "column": 1 } },
      "1": { "start": { "line": 4, "column": 2 }, "end": { "line": 16, "column": 8 } }
    },
    "fnMap": {
      "0": {
        "name": "(anonymous_0)",
        "decl": { "start": { "line": 3, "column": 19 }, "end": { "line": 3, "column": 20 } },
        "loc": { "start": { "line": 4, "column": 2 }, "end": { "line": 16, "column": 8 } },
        "line": 4
      }
    },
    "branchMap": {},
    "s": { "0": 0, "1": 0 },
    "f": { "0": 0 },
    "b": {}
  },
  "C:\\Users\\nuate\\code\\website\\v4\\src\\components\\icons\\hex.js": {
    "path": "C:\\Users\\nuate\\code\\website\\v4\\src\\components\\icons\\hex.js",
    "statementMap": {
      "0": { "start": { "line": 3, "column": 16 }, "end": { "line": 19, "column": 1 } },
      "1": { "start": { "line": 4, "column": 2 }, "end": { "line": 18, "column": 8 } }
    },
    "fnMap": {
      "0": {
        "name": "(anonymous_0)",
        "decl": { "start": { "line": 3, "column": 16 }, "end": { "line": 3, "column": 17 } },
        "loc": { "start": { "line": 4, "column": 2 }, "end": { "line": 18, "column": 8 } },
        "line": 4
      }
    },
    "branchMap": {},
    "s": { "0": 0, "1": 0 },
    "f": { "0": 0 },
    "b": {}
  },
  "C:\\Users\\nuate\\code\\website\\v4\\src\\components\\icons\\icon.js": {
    "path": "C:\\Users\\nuate\\code\\website\\v4\\src\\components\\icons\\icon.js",
    "statementMap": {
      "0": { "start": { "line": 20, "column": 13 }, "end": { "line": 53, "column": 1 } },
      "1": { "start": { "line": 21, "column": 2 }, "end": { "line": 52, "column": 3 } },
      "2": { "start": { "line": 23, "column": 6 }, "end": { "line": 23, "column": 30 } },
      "3": { "start": { "line": 25, "column": 6 }, "end": { "line": 25, "column": 30 } },
      "4": { "start": { "line": 27, "column": 6 }, "end": { "line": 27, "column": 29 } },
      "5": { "start": { "line": 29, "column": 6 }, "end": { "line": 29, "column": 30 } },
      "6": { "start": { "line": 31, "column": 6 }, "end": { "line": 31, "column": 28 } },
      "7": { "start": { "line": 33, "column": 6 }, "end": { "line": 33, "column": 26 } },
      "8": { "start": { "line": 35, "column": 6 }, "end": { "line": 35, "column": 28 } },
      "9": { "start": { "line": 37, "column": 6 }, "end": { "line": 37, "column": 31 } },
      "10": { "start": { "line": 39, "column": 6 }, "end": { "line": 39, "column": 30 } },
      "11": { "start": { "line": 41, "column": 6 }, "end": { "line": 41, "column": 28 } },
      "12": { "start": { "line": 43, "column": 6 }, "end": { "line": 43, "column": 26 } },
      "13": { "start": { "line": 45, "column": 6 }, "end": { "line": 45, "column": 31 } },
      "14": { "start": { "line": 47, "column": 6 }, "end": { "line": 47, "column": 26 } },
      "15": { "start": { "line": 49, "column": 6 }, "end": { "line": 49, "column": 29 } },
      "16": { "start": { "line": 51, "column": 6 }, "end": { "line": 51, "column": 30 } },
      "17": { "start": { "line": 55, "column": 0 }, "end": { "line": 57, "column": 2 } }
    },
    "fnMap": {
      "0": {
        "name": "(anonymous_0)",
        "decl": { "start": { "line": 20, "column": 13 }, "end": { "line": 20, "column": 14 } },
        "loc": { "start": { "line": 20, "column": 27 }, "end": { "line": 53, "column": 1 } },
        "line": 20
      }
    },
    "branchMap": {
      "0": {
        "loc": { "start": { "line": 21, "column": 2 }, "end": { "line": 52, "column": 3 } },
        "type": "switch",
        "locations": [
          { "start": { "line": 22, "column": 4 }, "end": { "line": 23, "column": 30 } },
          { "start": { "line": 24, "column": 4 }, "end": { "line": 25, "column": 30 } },
          { "start": { "line": 26, "column": 4 }, "end": { "line": 27, "column": 29 } },
          { "start": { "line": 28, "column": 4 }, "end": { "line": 29, "column": 30 } },
          { "start": { "line": 30, "column": 4 }, "end": { "line": 31, "column": 28 } },
[...]
      "6": 0,
      "7": 0,
      "8": 0,
      "9": 0,
      "10": 0
    },
    "f": { "0": 0, "1": 0, "2": 0, "3": 0 },
    "b": { "0": [0, 0], "1": [0, 0] }
  },
  "C:\\Users\\nuate\\code\\website\\v4\\src\\hooks\\usePrefersReducedMotion.js": {
    "path": "C:\\Users\\nuate\\code\\website\\v4\\src\\hooks\\usePrefersReducedMotion.js",
    "statementMap": {
      "0": { "start": { "line": 6, "column": 14 }, "end": { "line": 6, "column": 55 } },
      "1": { "start": { "line": 7, "column": 28 }, "end": { "line": 7, "column": 57 } },
      "2": { "start": { "line": 9, "column": 24 }, "end": { "line": 14, "column": 64 } },
      "3": { "start": { "line": 14, "column": 2 }, "end": { "line": 14, "column": 64 } },
      "4": { "start": { "line": 16, "column": 58 }, "end": { "line": 16, "column": 83 } },
      "5": { "start": { "line": 17, "column": 2 }, "end": { "line": 26, "column": 9 } },
      "6": { "start": { "line": 18, "column": 27 }, "end": { "line": 18, "column": 51 } },
      "7": { "start": { "line": 19, "column": 21 }, "end": { "line": 21, "column": 5 } },
      "8": { "start": { "line": 20, "column": 6 }, "end": { "line": 20, "column": 46 } },
      "9": { "start": { "line": 22, "column": 4 }, "end": { "line": 22, "column": 41 } },
      "10": { "start": { "line": 23, "column": 4 }, "end": { "line": 25, "column": 6 } },
      "11": { "start": { "line": 24, "column": 6 }, "end": { "line": 24, "column": 46 } },
      "12": { "start": { "line": 27, "column": 2 }, "end": { "line": 27, "column": 30 } }
    },
    "fnMap": {
      "0": {
        "name": "(anonymous_0)",
        "decl": { "start": { "line": 9, "column": 24 }, "end": { "line": 9, "column": 25 } },
        "loc": { "start": { "line": 14, "column": 2 }, "end": { "line": 14, "column": 64 } },
        "line": 14
      },
      "1": {
        "name": "usePrefersReducedMotion",
        "decl": { "start": { "line": 15, "column": 9 }, "end": { "line": 15, "column": 32 } },
        "loc": { "start": { "line": 15, "column": 35 }, "end": { "line": 28, "column": 1 } },
        "line": 15
      },
      "2": {
        "name": "(anonymous_2)",
        "decl": { "start": { "line": 17, "column": 12 }, "end": { "line": 17, "column": 13 } },
        "loc": { "start": { "line": 17, "column": 18 }, "end": { "line": 26, "column": 3 } },
        "line": 17
      },
      "3": {
        "name": "(anonymous_3)",
        "decl": { "start": { "line": 19, "column": 21 }, "end": { "line": 19, "column": 22 } },
        "loc": { "start": { "line": 19, "column": 30 }, "end": { "line": 21, "column": 5 } },
        "line": 19
      },
      "4": {
        "name": "(anonymous_4)",
        "decl": { "start": { "line": 23, "column": 11 }, "end": { "line": 23, "column": 12 } },
        "loc": { "start": { "line": 23, "column": 17 }, "end": { "line": 25, "column": 5 } },
        "line": 23
      }
    },
    "branchMap": {
      "0": {
        "loc": { "start": { "line": 14, "column": 2 }, "end": { "line": 14, "column": 64 } },
        "type": "cond-expr",
        "locations": [
          { "start": { "line": 14, "column": 24 }, "end": { "line": 14, "column": 28 } },
          { "start": { "line": 14, "column": 31 }, "end": { "line": 14, "column": 64 } }
        ],
        "line": 14
      }
    },
    "s": {
      "0": 0,
      "1": 0,
      "2": 0,
      "3": 0,
      "4": 0,
      "5": 0,
      "6": 0,
      "7": 0,
      "8": 0,
      "9": 0,
      "10": 0,
      "11": 0,
      "12": 0
    },
    "f": { "0": 0, "1": 0, "2": 0, "3": 0, "4": 0 },
    "b": { "0": [0, 0] }
  },
  "C:\\Users\\nuate\\code\\website\\v4\\src\\hooks\\useScrollDirection.js": {
    "path": "C:\\Users\\nuate\\code\\website\\v4\\src\\hooks\\useScrollDirection.js",
    "statementMap": {
      "0": { "start": { "line": 1, "column": 18 }, "end": { "line": 1, "column": 22 } },
      "1": { "start": { "line": 2, "column": 20 }, "end": { "line": 2, "column": 26 } },
      "2": { "start": { "line": 6, "column": 27 }, "end": { "line": 45, "column": 1 } },
      "3": { "start": { "line": 7, "column": 36 }, "end": { "line": 7, "column": 62 } },
      "4": { "start": { "line": 9, "column": 2 }, "end": { "line": 42, "column": 47 } },
      "5": { "start": { "line": 10, "column": 22 }, "end": { "line": 10, "column": 42 } },
      "6": { "start": { "line": 11, "column": 22 }, "end": { "line": 11, "column": 40 } },
      "7": { "start": { "line": 12, "column": 18 }, "end": { "line": 12, "column": 23 } },
      "8": { "start": { "line": 14, "column": 28 }, "end": { "line": 26, "column": 5 } },
      "9": { "start": { "line": 15, "column": 22 }, "end": { "line": 15, "column": 40 } },
      "10": { "start": { "line": 17, "column": 6 }, "end": { "line": 21, "column": 7 } },
      "11": { "start": { "line": 19, "column": 8 }, "end": { "line": 19, "column": 24 } },
      "12": { "start": { "line": 20, "column": 8 }, "end": { "line": 20, "column": 15 } },
      "13": { "start": { "line": 23, "column": 6 }, "end": { "line": 23, "column": 68 } },
      "14": { "start": { "line": 24, "column": 6 }, "end": { "line": 24, "column": 46 } },
      "15": { "start": { "line": 25, "column": 6 }, "end": { "line": 25, "column": 22 } },
      "16": { "start": { "line": 28, "column": 21 }, "end": { "line": 33, "column": 5 } },
      "17": { "start": { "line": 29, "column": 6 }, "end": { "line": 32, "column": 7 } },
      "18": { "start": { "line": 30, "column": 8 }, "end": { "line": 30, "column": 54 } },
      "19": { "start": { "line": 31, "column": 8 }, "end": { "line": 31, "column": 23 } },
      "20": { "start": { "line": 39, "column": 4 }, "end": { "line": 39, "column": 88 } },
      "21": { "start": { "line": 41, "column": 4 }, "end": { "line": 41, "column": 64 } },
      "22": { "start": { "line": 41, "column": 17 }, "end": { "line": 41, "column": 63 } },
      "23": { "start": { "line": 44, "column": 2 }, "end": { "line": 44, "column": 19 } }
    },
    "fnMap": {
      "0": {
        "name": "(anonymous_0)",
        "decl": { "start": { "line": 6, "column": 27 }, "end": { "line": 6, "column": 28 } },
        "loc": { "start": { "line": 6, "column": 80 }, "end": { "line": 45, "column": 1 } },
        "line": 6
      },
      "1": {
        "name": "(anonymous_1)",
        "decl": { "start": { "line": 9, "column": 12 }, "end": { "line": 9, "column": 13 } },
        "loc": { "start": { "line": 9, "column": 18 }, "end": { "line": 42, "column": 3 } },
        "line": 9
      },
      "2": {
        "name": "(anonymous_2)",
        "decl": { "start": { "line": 14, "column": 28 }, "end": { "line": 14, "column": 29 } },
        "loc": { "start": { "line": 14, "column": 34 }, "end": { "line": 26, "column": 5 } },
        "line": 14
      },
      "3": {
        "name": "(anonymous_3)",
        "decl": { "start": { "line": 28, "column": 21 }, "end": { "line": 28, "column": 22 } },
        "loc": { "start": { "line": 28, "column": 27 }, "end": { "line": 33, "column": 5 } },
        "line": 28
      },
      "4": {
        "name": "(anonymous_4)",
        "decl": { "start": { "line": 41, "column": 11 }, "end": { "line": 41, "column": 12 } },
        "loc": { "start": { "line": 41, "column": 17 }, "end": { "line": 41, "column": 63 } },
        "line": 41
      }
    },
    "branchMap": {
      "0": {
        "loc": { "start": { "line": 6, "column": 28 }, "end": { "line": 6, "column": 75 } },
        "type": "default-arg",
        "locations": [{ "start": { "line": 6, "column": 73 }, "end": { "line": 6, "column": 75 } }],
        "line": 6
      },
      "1": {
        "loc": { "start": { "line": 10, "column": 22 }, "end": { "line": 10, "column": 42 } },
        "type": "binary-expr",
        "locations": [
          { "start": { "line": 10, "column": 22 }, "end": { "line": 10, "column": 37 } },
          { "start": { "line": 10, "column": 41 }, "end": { "line": 10, "column": 42 } }
        ],
        "line": 10
      },
      "2": {
        "loc": { "start": { "line": 17, "column": 6 }, "end": { "line": 21, "column": 7 } },
        "type": "if",
        "locations": [
          { "start": { "line": 17, "column": 6 }, "end": { "line": 21, "column": 7 } },
          { "start": {}, "end": {} }
        ],
        "line": 17
      },
      "3": {
        "loc": { "start": { "line": 23, "column": 19 }, "end": { "line": 23, "column": 66 } },
        "type": "cond-expr",
        "locations": [
          { "start": { "line": 23, "column": 43 }, "end": { "line": 23, "column": 54 } },
          { "start": { "line": 23, "column": 57 }, "end": { "line": 23, "column": 66 } }
        ],
        "line": 23
      },
      "4": {
        "loc": { "start": { "line": 24, "column": 20 }, "end": { "line": 24, "column": 45 } },
        "type": "cond-expr",
        "locations": [
          { "start": { "line": 24, "column": 34 }, "end": { "line": 24, "column": 41 } },
          { "start": { "line": 24, "column": 44 }, "end": { "line": 24, "column": 45 } }
        ],
        "line": 24
      },
      "5": {
        "loc": { "start": { "line": 29, "column": 6 }, "end": { "line": 32, "column": 7 } },
        "type": "if",
        "locations": [
          { "start": { "line": 29, "column": 6 }, "end": { "line": 32, "column": 7 } },
          { "start": {}, "end": {} }
        ],
        "line": 29
      },
      "6": {
        "loc": { "start": { "line": 39, "column": 4 }, "end": { "line": 39, "column": 87 } },
        "type": "cond-expr",
        "locations": [
          { "start": { "line": 39, "column": 11 }, "end": { "line": 39, "column": 54 } },
          { "start": { "line": 39, "column": 57 }, "end": { "line": 39, "column": 87 } }
        ],
        "line": 39
      }
    },
    "s": {
      "0": 0,
      "1": 0,
      "2": 0,
      "3": 0,
      "4": 0,
      "5": 0,
      "6": 0,
      "7": 0,
      "8": 0,
      "9": 0,
      "10": 0,
      "11": 0,
      "12": 0,
      "13": 0,
      "14": 0,
      "15": 0,
      "16": 0,
      "17": 0,
      "18": 0,
      "19": 0,
      "20": 0,
      "21": 0,
      "22": 0,
      "23": 0
    },
    "f": { "0": 0, "1": 0, "2": 0, "3": 0, "4": 0 },
    "b": { "0": [0], "1": [0, 0], "2": [0, 0], "3": [0, 0], "4": [0, 0], "5": [0, 0], "6": [0, 0] }
  },
  "C:\\Users\\nuate\\code\\website\\v4\\src\\styles\\GlobalStyle.js": {
    "path": "C:\\Users\\nuate\\code\\website\\v4\\src\\styles\\GlobalStyle.js",
    "statementMap": {
      "0": { "start": { "line": 7, "column": 20 }, "end": { "line": 449, "column": 1 } },
      "1": { "start": { "line": 268, "column": 23 }, "end": { "line": 268, "column": 46 } },
      "2": { "start": { "line": 302, "column": 23 }, "end": { "line": 302, "column": 46 } },
      "3": { "start": { "line": 364, "column": 21 }, "end": { "line": 364, "column": 40 } },
      "4": { "start": { "line": 414, "column": 23 }, "end": { "line": 414, "column": 46 } },
      "5": { "start": { "line": 432, "column": 23 }, "end": { "line": 432, "column": 46 } }
    },
    "fnMap": {
      "0": {
        "name": "(anonymous_0)",
        "decl": { "start": { "line": 268, "column": 8 }, "end": { "line": 268, "column": 9 } },
        "loc": { "start": { "line": 268, "column": 23 }, "end": { "line": 268, "column": 46 } },
        "line": 268
      },
      "1": {
        "name": "(anonymous_1)",
        "decl": { "start": { "line": 302, "column": 8 }, "end": { "line": 302, "column": 9 } },
        "loc": { "start": { "line": 302, "column": 23 }, "end": { "line": 302, "column": 46 } },
        "line": 302
      },
      "2": {
        "name": "(anonymous_2)",
        "decl": { "start": { "line": 364, "column": 6 }, "end": { "line": 364, "column": 7 } },
        "loc": { "start": { "line": 364, "column": 21 }, "end": { "line": 364, "column": 40 } },
        "line": 364
      },
      "3": {
        "name": "(anonymous_3)",
        "decl": { "start": { "line": 414, "column": 8 }, "end": { "line": 414, "column": 9 } },
        "loc": { "start": { "line": 414, "column": 23 }, "end": { "line": 414, "column": 46 } },
        "line": 414
      },
      "4": {
        "name": "(anonymous_4)",
        "decl": { "start": { "line": 432, "column": 8 }, "end": { "line": 432, "column": 9 } },
        "loc": { "start": { "line": 432, "column": 23 }, "end": { "line": 432, "column": 46 } },
        "line": 432
      }
    },
    "branchMap": {},
    "s": { "0": 0, "1": 0, "2": 0, "3": 0, "4": 0, "5": 0 },
    "f": { "0": 0, "1": 0, "2": 0, "3": 0, "4": 0 },
    "b": {}
  },
  "C:\\Users\\nuate\\code\\website\\v4\\src\\styles\\PrismStyles.js": {
    "path": "C:\\Users\\nuate\\code\\website\\v4\\src\\styles\\PrismStyles.js",
    "statementMap": {
      "0": { "start": { "line": 3, "column": 20 }, "end": { "line": 14, "column": 1 } },
      "1": { "start": { "line": 18, "column": 20 }, "end": { "line": 225, "column": 1 } }
    },
    "fnMap": {},
    "branchMap": {},
    "s": { "0": 0, "1": 0 },
    "f": {},
    "b": {}
  },
  "C:\\Users\\nuate\\code\\website\\v4\\src\\styles\\TransitionStyles.js": {
    "path": "C:\\Users\\nuate\\code\\website\\v4\\src\\styles\\TransitionStyles.js",
    "statementMap": {
      "0": { "start": { "line": 5, "column": 25 }, "end": { "line": 47, "column": 1 } }
    },
    "fnMap": {},
    "branchMap": {},
    "s": { "0": 0 },
    "f": {},
    "b": {}
  },
  "C:\\Users\\nuate\\code\\website\\v4\\src\\styles\\fonts.js": {
    "path": "C:\\Users\\nuate\\code\\website\\v4\\src\\styles\\fonts.js",
    "statementMap": {
      "0": { "start": { "line": 27, "column": 29 }, "end": { "line": 31, "column": 1 } },
      "1": { "start": { "line": 33, "column": 29 }, "end": { "line": 37, "column": 1 } },
      "2": { "start": { "line": 39, "column": 28 }, "end": { "line": 42, "column": 1 } },
      "3": { "start": { "line": 44, "column": 28 }, "end": { "line": 47, "column": 1 } },
      "4": { "start": { "line": 49, "column": 16 }, "end": { "line": 53, "column": 1 } },
      "5": { "start": { "line": 55, "column": 15 }, "end": { "line": 59, "column": 1 } },
      "6": { "start": { "line": 61, "column": 24 }, "end": { "line": 81, "column": 1 } },
      "7": { "start": { "line": 62, "column": 15 }, "end": { "line": 62, "column": 17 } },
      "8": { "start": { "line": 64, "column": 2 }, "end": { "line": 78, "column": 3 } },
      "9": { "start": { "line": 65, "column": 17 }, "end": { "line": 65, "column": 27 } },
      "10": { "start": { "line": 66, "column": 18 }, "end": { "line": 66, "column": 28 } },
      "11": { "start": { "line": 68, "column": 4 }, "end": { "line": 77, "column": 6 } },
      "12": { "start": { "line": 80, "column": 2 }, "end": { "line": 80, "column": 16 } },
      "13": { "start": { "line": 83, "column": 22 }, "end": { "line": 83, "column": 46 } },
      "14": { "start": { "line": 84, "column": 22 }, "end": { "line": 84, "column": 56 } },
      "15": { "start": { "line": 86, "column": 21 }, "end": { "line": 86, "column": 44 } },
      "16": { "start": { "line": 87, "column": 21 }, "end": { "line": 87, "column": 54 } },
      "17": { "start": { "line": 89, "column": 14 }, "end": { "line": 91, "column": 1 } }
    },
    "fnMap": {
      "0": {
        "name": "(anonymous_0)",
        "decl": { "start": { "line": 61, "column": 24 }, "end": { "line": 61, "column": 25 } },
        "loc": { "start": { "line": 61, "column": 54 }, "end": { "line": 81, "column": 1 } },
        "line": 61
      }
    },
    "branchMap": {
      "0": {
        "loc": { "start": { "line": 61, "column": 33 }, "end": { "line": 61, "column": 49 } },
        "type": "default-arg",
        "locations": [
          { "start": { "line": 61, "column": 41 }, "end": { "line": 61, "column": 49 } }
        ],
        "line": 61
      }
    },
    "s": {
      "0": 0,
      "1": 0,
      "2": 0,
      "3": 0,
      "4": 0,
      "5": 0,
      "6": 0,
      "7": 0,
      "8": 0,
      "9": 0,
      "10": 0,
      "11": 0,
      "12": 0,
      "13": 0,
      "14": 0,
      "15": 0,
      "16": 0,
      "17": 0
    },
    "f": { "0": 0 },
    "b": { "0": [0] }
  },
  "C:\\Users\\nuate\\code\\website\\v4\\src\\styles\\index.js": {
    "path": "C:\\Users\\nuate\\code\\website\\v4\\src\\styles\\index.js",
    "statementMap": {},
    "fnMap": {},
    "branchMap": {},
    "s": {},
    "f": {},
    "b": {}
  },
  "C:\\Users\\nuate\\code\\website\\v4\\src\\styles\\mixins.js": {
    "path": "C:\\Users\\nuate\\code\\website\\v4\\src\\styles\\mixins.js",
    "statementMap": {
      "0": { "start": { "line": 3, "column": 15 }, "end": { "line": 24, "column": 1 } },
      "1": { "start": { "line": 26, "column": 15 }, "end": { "line": 168, "column": 1 } }
    },
    "fnMap": {},
    "branchMap": {},
    "s": { "0": 0, "1": 0 },
    "f": {},
    "b": {}
  },
  "C:\\Users\\nuate\\code\\website\\v4\\src\\styles\\theme.js": {
    "path": "C:\\Users\\nuate\\code\\website\\v4\\src\\styles\\theme.js",
    "statementMap": {
      "0": { "start": { "line": 3, "column": 14 }, "end": { "line": 17, "column": 1 } }
    },
    "fnMap": {},
    "branchMap": {},
    "s": { "0": 0 },
    "f": {},
    "b": {}
  },
  "C:\\Users\\nuate\\code\\website\\v4\\src\\styles\\variables.js": {
    "path": "C:\\Users\\nuate\\code\\website\\v4\\src\\styles\\variables.js",
    "statementMap": {
      "0": { "start": { "line": 3, "column": 18 }, "end": { "line": 51, "column": 1 } }
    },
    "fnMap": {},
    "branchMap": {},
    "s": { "0": 0 },
    "f": {},
    "b": {}
  },
  "C:\\Users\\nuate\\code\\website\\v4\\src\\utils\\index.js": {
    "path": "C:\\Users\\nuate\\code\\website\\v4\\src\\utils\\index.js",
    "statementMap": {
      "0": { "start": { "line": 1, "column": 24 }, "end": { "line": 4, "column": 1 } },
      "1": { "start": { "line": 2, "column": 20 }, "end": { "line": 2, "column": 64 } },
      "2": { "start": { "line": 2, "column": 48 }, "end": { "line": 2, "column": 63 } },
      "3": { "start": { "line": 3, "column": 2 }, "end": { "line": 3, "column": 41 } },
      "4": { "start": { "line": 6, "column": 24 }, "end": { "line": 6, "column": 28 } },
      "5": { "start": { "line": 7, "column": 27 }, "end": { "line": 7, "column": 31 } },
      "6": { "start": { "line": 9, "column": 25 }, "end": { "line": 24, "column": 1 } }
    },
    "fnMap": {
      "0": {
        "name": "(anonymous_0)",
        "decl": { "start": { "line": 1, "column": 24 }, "end": { "line": 1, "column": 25 } },
        "loc": { "start": { "line": 1, "column": 44 }, "end": { "line": 4, "column": 1 } },
        "line": 1
      },
      "1": {
        "name": "(anonymous_1)",
        "decl": { "start": { "line": 2, "column": 43 }, "end": { "line": 2, "column": 44 } },
        "loc": { "start": { "line": 2, "column": 48 }, "end": { "line": 2, "column": 63 } },
        "line": 2
      }
    },
    "branchMap": {
      "0": {
        "loc": { "start": { "line": 1, "column": 30 }, "end": { "line": 1, "column": 39 } },
        "type": "default-arg",
        "locations": [{ "start": { "line": 1, "column": 38 }, "end": { "line": 1, "column": 39 } }],
        "line": 1
      }
    },
    "s": { "0": 0, "1": 0, "2": 0, "3": 0, "4": 0, "5": 0, "6": 0 },
    "f": { "0": 0, "1": 0 },
    "b": { "0": [0] }
  },
  "C:\\Users\\nuate\\code\\website\\v4\\src\\utils\\sr.js": {
    "path": "C:\\Users\\nuate\\code\\website\\v4\\src\\utils\\sr.js",
    "statementMap": {
      "0": { "start": { "line": 3, "column": 14 }, "end": { "line": 3, "column": 43 } },
      "1": { "start": { "line": 4, "column": 11 }, "end": { "line": 4, "column": 40 } }
    },
    "fnMap": {},
    "branchMap": {
      "0": {
        "loc": { "start": { "line": 4, "column": 11 }, "end": { "line": 4, "column": 40 } },
        "type": "cond-expr",
        "locations": [
          { "start": { "line": 4, "column": 19 }, "end": { "line": 4, "column": 23 } },
          { "start": { "line": 4, "column": 26 }, "end": { "line": 4, "column": 40 } }
        ],
        "line": 4
      }
    },
    "s": { "0": 0, "1": 0 },
    "f": {},
    "b": { "0": [0, 0] }
  }
}
