TN:
SF:src\config.js
FN:40,(anonymous_0)
FNF:1
FNH:0
FNDA:0,(anonymous_0)
DA:1,0
DA:40,0
LF:2
LH:0
BRDA:40,0,0,0
BRDA:40,1,0,0
BRF:2
BRH:0
end_of_record
TN:
SF:src\components\email.js
FN:38,(anonymous_0)
FNF:1
FNH:0
FNDA:0,(anonymous_0)
DA:7,0
DA:38,0
DA:39,0
DA:46,0
LF:4
LH:0
BRF:0
BRH:0
end_of_record
TN:
SF:src\components\footer.js
FN:8,(anonymous_0)
FN:28,(anonymous_1)
FN:70,(anonymous_2)
FN:76,(anonymous_3)
FN:81,(anonymous_4)
FN:82,(anonymous_5)
FN:89,(anonymous_6)
FN:97,(anonymous_7)
FNF:8
FNH:0
FNDA:0,(anonymous_0)
FNDA:0,(anonymous_1)
FNDA:0,(anonymous_2)
FNDA:0,(anonymous_3)
FNDA:0,(anonymous_4)
FNDA:0,(anonymous_5)
FNDA:0,(anonymous_6)
FNDA:0,(anonymous_7)
DA:7,0
DA:8,0
DA:16,0
DA:28,0
DA:43,0
DA:70,0
DA:71,0
DA:76,0
DA:77,0
DA:78,0
DA:80,0
DA:81,0
DA:83,0
DA:84,0
DA:89,0
DA:92,0
DA:98,0
DA:129,0
LF:18
LH:0
BRDA:77,0,0,0
BRDA:77,0,1,0
BRDA:96,1,0,0
BRDA:96,1,1,0
BRDA:111,2,0,0
BRDA:111,2,1,0
BRDA:111,2,2,0
BRF:7
BRH:0
end_of_record
TN:
SF:src\components\head.js
FN:9,(anonymous_0)
FNF:1
FNH:0
FNDA:0,(anonymous_0)
DA:9,0
DA:10,0
DA:12,0
DA:34,0
DA:36,0
DA:43,0
DA:69,0
DA:75,0
LF:8
LH:0
BRDA:37,0,0,0
BRDA:37,0,1,0
BRDA:38,1,0,0
BRDA:38,1,1,0
BRDA:39,2,0,0
BRDA:39,2,1,0
BRF:6
BRH:0
end_of_record
TN:
SF:src\components\index.js
FNF:0
FNH:0
LF:0
LH:0
BRF:0
BRH:0
end_of_record
TN:
SF:src\components\layout.js
FN:13,(anonymous_0)
FN:18,(anonymous_1)
FN:21,(anonymous_2)
FN:30,(anonymous_3)
FN:37,(anonymous_4)
FN:62,(anonymous_5)
FNF:6
FNH:0
FNDA:0,(anonymous_0)
FNDA:0,(anonymous_1)
FNDA:0,(anonymous_2)
FNDA:0,(anonymous_3)
FNDA:0,(anonymous_4)
FNDA:0,(anonymous_5)
DA:7,0
DA:13,0
DA:14,0
DA:15,0
DA:18,0
DA:19,0
DA:20,0
DA:21,0
DA:22,0
DA:23,0
DA:24,0
DA:30,0
DA:31,0
DA:32,0
DA:35,0
DA:36,0
DA:37,0
DA:38,0
DA:39,0
DA:40,0
DA:41,0
DA:46,0
DA:49,0
DA:62,0
DA:81,0
LF:25
LH:0
BRDA:20,0,0,0
BRDA:20,0,1,0
BRDA:22,1,0,0
BRDA:22,1,1,0
BRDA:31,2,0,0
BRDA:31,2,1,0
BRDA:35,3,0,0
BRDA:35,3,1,0
BRDA:39,4,0,0
BRDA:39,4,1,0
BRDA:61,5,0,0
BRDA:61,5,1,0
BRDA:61,6,0,0
BRDA:61,6,1,0
BRF:14
BRH:0
end_of_record
TN:
SF:src\components\loader.js
FN:9,(anonymous_0)
FN:24,(anonymous_1)
FN:39,(anonymous_2)
FN:42,(anonymous_3)
FN:44,(anonymous_4)
FN:78,(anonymous_5)
FN:79,(anonymous_6)
FN:81,(anonymous_7)
FNF:8
FNH:0
FNDA:0,(anonymous_0)
FNDA:0,(anonymous_1)
FNDA:0,(anonymous_2)
FNDA:0,(anonymous_3)
FNDA:0,(anonymous_4)
FNDA:0,(anonymous_5)
FNDA:0,(anonymous_6)
FNDA:0,(anonymous_7)
DA:8,0
DA:9,0
DA:24,0
DA:39,0
DA:40,0
DA:42,0
DA:43,0
DA:44,0
DA:47,0
DA:78,0
DA:79,0
DA:80,0
DA:81,0
DA:84,0
DA:95,0
LF:15
LH:0
BRDA:24,0,0,0
BRDA:24,0,1,0
BRF:2
BRH:0
end_of_record
TN:
SF:src\components\menu.js
FN:21,(anonymous_0)
FN:52,(anonymous_1)
FN:53,(anonymous_2)
FN:55,(anonymous_3)
FN:73,(anonymous_4)
FN:74,(anonymous_5)
FN:75,(anonymous_6)
FN:76,(anonymous_7)
FN:80,(anonymous_8)
FN:81,(anonymous_9)
FN:82,(anonymous_10)
FN:83,(anonymous_11)
FN:92,(anonymous_12)
FN:104,(anonymous_13)
FN:105,(anonymous_14)
FN:110,(anonymous_15)
FN:144,(anonymous_16)
FN:151,(anonymous_17)
FN:158,(anonymous_18)
FN:161,(anonymous_19)
FN:170,(anonymous_20)
FN:176,(anonymous_21)
FN:183,(anonymous_22)
FN:190,(anonymous_23)
FN:217,(anonymous_24)
FN:223,(anonymous_25)
FN:229,(anonymous_26)
FN:236,(anonymous_27)
FN:259,(anonymous_28)
FN:261,(anonymous_29)
FNF:30
FNH:0
FNDA:0,(anonymous_0)
FNDA:0,(anonymous_1)
FNDA:0,(anonymous_2)
FNDA:0,(anonymous_3)
FNDA:0,(anonymous_4)
FNDA:0,(anonymous_5)
FNDA:0,(anonymous_6)
FNDA:0,(anonymous_7)
FNDA:0,(anonymous_8)
FNDA:0,(anonymous_9)
FNDA:0,(anonymous_10)
FNDA:0,(anonymous_11)
FNDA:0,(anonymous_12)
FNDA:0,(anonymous_13)
FNDA:0,(anonymous_14)
FNDA:0,(anonymous_15)
FNDA:0,(anonymous_16)
FNDA:0,(anonymous_17)
FNDA:0,(anonymous_18)
FNDA:0,(anonymous_19)
FNDA:0,(anonymous_20)
FNDA:0,(anonymous_21)
FNDA:0,(anonymous_22)
FNDA:0,(anonymous_23)
FNDA:0,(anonymous_24)
FNDA:0,(anonymous_25)
FNDA:0,(anonymous_26)
FNDA:0,(anonymous_27)
FNDA:0,(anonymous_28)
FNDA:0,(anonymous_29)
DA:9,0
DA:17,0
DA:21,0
DA:52,0
DA:53,0
DA:55,0
DA:73,0
DA:74,0
DA:75,0
DA:77,0
DA:80,0
DA:81,0
DA:82,0
DA:83,0
DA:88,0
DA:92,0
DA:104,0
DA:105,0
DA:110,0
DA:144,0
DA:151,0
DA:158,0
DA:159,0
DA:161,0
DA:163,0
DA:164,0
DA:170,0
DA:171,0
DA:172,0
DA:173,0
DA:176,0
DA:177,0
DA:178,0
DA:179,0
DA:183,0
DA:184,0
DA:185,0
DA:186,0
DA:190,0
DA:191,0
DA:194,0
DA:195,0
DA:199,0
DA:200,0
DA:201,0
DA:203,0
DA:204,0
DA:206,0
DA:208,0
DA:212,0
DA:217,0
DA:218,0
DA:219,0
DA:223,0
DA:224,0
DA:225,0
DA:227,0
DA:229,0
DA:230,0
DA:231,0
DA:235,0
DA:236,0
DA:238,0
DA:260,0
DA:261,0
LF:65
LH:0
BRDA:52,0,0,0
BRDA:52,0,1,0
BRDA:53,1,0,0
BRDA:53,1,1,0
BRDA:55,2,0,0
BRDA:55,2,1,0
BRDA:73,3,0,0
BRDA:73,3,1,0
BRDA:74,4,0,0
BRDA:74,4,1,0
BRDA:75,5,0,0
BRDA:75,5,1,0
BRDA:77,6,0,0
BRDA:77,6,1,0
BRDA:80,7,0,0
BRDA:80,7,1,0
BRDA:81,8,0,0
BRDA:81,8,1,0
BRDA:82,9,0,0
BRDA:82,9,1,0
BRDA:83,10,0,0
BRDA:83,10,1,0
BRDA:104,11,0,0
BRDA:104,11,1,0
BRDA:105,12,0,0
BRDA:105,12,1,0
BRDA:177,13,0,0
BRDA:177,13,1,0
BRDA:184,14,0,0
BRDA:184,14,1,0
BRDA:191,15,0,0
BRDA:191,15,1,0
BRDA:191,15,2,0
BRDA:191,15,3,0
BRDA:199,16,0,0
BRDA:199,16,1,0
BRDA:199,17,0,0
BRDA:199,17,1,0
BRDA:203,18,0,0
BRDA:203,18,1,0
BRDA:218,19,0,0
BRDA:218,19,1,0
BRDA:241,20,0,0
BRDA:241,20,1,0
BRDA:255,21,0,0
BRDA:255,21,1,0
BRDA:257,22,0,0
BRDA:257,22,1,0
BRF:48
BRH:0
end_of_record
TN:
SF:src\components\nav.js
FN:13,(anonymous_0)
FN:35,(anonymous_1)
FN:45,(anonymous_2)
FN:57,(anonymous_3)
FN:66,(anonymous_4)
FN:121,(anonymous_5)
FN:147,(anonymous_6)
FN:153,(anonymous_7)
FN:159,(anonymous_8)
FN:163,(anonymous_9)
FN:168,(anonymous_10)
FN:174,(anonymous_11)
FN:224,(anonymous_12)
FN:250,(anonymous_13)
FNF:14
FNH:0
FNDA:0,(anonymous_0)
FNDA:0,(anonymous_1)
FNDA:0,(anonymous_2)
FNDA:0,(anonymous_3)
FNDA:0,(anonymous_4)
FNDA:0,(anonymous_5)
FNDA:0,(anonymous_6)
FNDA:0,(anonymous_7)
FNDA:0,(anonymous_8)
FNDA:0,(anonymous_9)
FNDA:0,(anonymous_10)
FNDA:0,(anonymous_11)
FNDA:0,(anonymous_12)
FNDA:0,(anonymous_13)
DA:12,0
DA:13,0
DA:36,0
DA:46,0
DA:56,0
DA:57,0
DA:66,0
DA:112,0
DA:121,0
DA:147,0
DA:153,0
DA:154,0
DA:155,0
DA:156,0
DA:157,0
DA:159,0
DA:160,0
DA:163,0
DA:164,0
DA:165,0
DA:168,0
DA:169,0
DA:172,0
DA:174,0
DA:175,0
DA:176,0
DA:180,0
DA:181,0
DA:182,0
DA:185,0
DA:209,0
DA:214,0
DA:225,0
DA:251,0
DA:285,0
LF:35
LH:0
BRDA:36,0,0,0
BRDA:36,0,1,0
BRDA:36,0,2,0
BRDA:46,1,0,0
BRDA:46,1,1,0
BRDA:46,1,2,0
BRDA:164,2,0,0
BRDA:164,2,1,0
BRDA:180,3,0,0
BRDA:180,3,1,0
BRDA:181,4,0,0
BRDA:181,4,1,0
BRDA:182,5,0,0
BRDA:182,5,1,0
BRDA:186,6,0,0
BRDA:186,6,1,0
BRDA:217,7,0,0
BRDA:217,7,1,0
BRDA:223,8,0,0
BRDA:223,8,1,0
BRDA:238,9,0,0
BRDA:238,9,1,0
BRDA:248,10,0,0
BRDA:248,10,1,0
BRDA:248,10,2,0
BRDA:252,11,0,0
BRDA:252,11,1,0
BRDA:261,12,0,0
BRDA:261,12,1,0
BRDA:263,13,0,0
BRDA:263,13,1,0
BRDA:272,14,0,0
BRDA:272,14,1,0
BRF:33
BRH:0
end_of_record
TN:
SF:src\components\side.js
FN:12,(anonymous_0)
FN:13,(anonymous_1)
FN:18,(anonymous_2)
FN:19,(anonymous_3)
FN:27,(anonymous_4)
FN:31,(anonymous_5)
FN:35,(anonymous_6)
FN:36,(anonymous_7)
FNF:8
FNH:0
FNDA:0,(anonymous_0)
FNDA:0,(anonymous_1)
FNDA:0,(anonymous_2)
FNDA:0,(anonymous_3)
FNDA:0,(anonymous_4)
FNDA:0,(anonymous_5)
FNDA:0,(anonymous_6)
FNDA:0,(anonymous_7)
DA:8,0
DA:12,0
DA:13,0
DA:18,0
DA:19,0
DA:27,0
DA:28,0
DA:29,0
DA:31,0
DA:32,0
DA:33,0
DA:35,0
DA:36,0
DA:39,0
DA:56,0
LF:15
LH:0
BRDA:12,0,0,0
BRDA:12,0,1,0
BRDA:13,1,0,0
BRDA:13,1,1,0
BRDA:18,2,0,0
BRDA:18,2,1,0
BRDA:19,3,0,0
BRDA:19,3,1,0
BRDA:32,4,0,0
BRDA:32,4,1,0
BRDA:32,5,0,0
BRDA:32,5,1,0
BRDA:41,6,0,0
BRDA:41,6,1,0
BRDA:45,7,0,0
BRDA:45,7,1,0
BRDA:46,8,0,0
BRDA:46,8,1,0
BRDA:46,9,0,0
BRDA:46,9,1,0
BRF:20
BRH:0
end_of_record
TN:
SF:src\components\social.js
FN:46,(anonymous_0)
FN:50,(anonymous_1)
FNF:2
FNH:0
FNDA:0,(anonymous_0)
FNDA:0,(anonymous_1)
DA:8,0
DA:46,0
DA:47,0
DA:51,0
DA:61,0
LF:5
LH:0
BRDA:49,0,0,0
BRDA:49,0,1,0
BRF:2
BRH:0
end_of_record
TN:
SF:src\components\icons\appstore.js
FN:3,(anonymous_0)
FNF:1
FNH:0
FNDA:0,(anonymous_0)
DA:3,0
DA:4,0
LF:2
LH:0
BRF:0
BRH:0
end_of_record
TN:
SF:src\components\icons\bookmark.js
FN:3,(anonymous_0)
FNF:1
FNH:0
FNDA:0,(anonymous_0)
DA:3,0
DA:4,0
LF:2
LH:0
BRF:0
BRH:0
end_of_record
TN:
SF:src\components\icons\codepen.js
FN:3,(anonymous_0)
FNF:1
FNH:0
FNDA:0,(anonymous_0)
DA:3,0
DA:4,0
LF:2
LH:0
BRF:0
BRH:0
end_of_record
TN:
SF:src\components\icons\external.js
FN:3,(anonymous_0)
FNF:1
FNH:0
FNDA:0,(anonymous_0)
DA:3,0
DA:4,0
LF:2
LH:0
BRF:0
BRH:0
end_of_record
TN:
SF:src\components\icons\folder.js
FN:3,(anonymous_0)
FNF:1
FNH:0
FNDA:0,(anonymous_0)
DA:3,0
DA:4,0
LF:2
LH:0
BRF:0
BRH:0
end_of_record
TN:
SF:src\components\icons\fork.js
FN:3,(anonymous_0)
FNF:1
FNH:0
FNDA:0,(anonymous_0)
DA:3,0
DA:4,0
LF:2
LH:0
BRF:0
BRH:0
end_of_record
TN:
SF:src\components\icons\github.js
FN:3,(anonymous_0)
FNF:1
FNH:0
FNDA:0,(anonymous_0)
DA:3,0
DA:4,0
LF:2
LH:0
BRF:0
BRH:0
end_of_record
TN:
SF:src\components\icons\hex.js
FN:3,(anonymous_0)
FNF:1
FNH:0
FNDA:0,(anonymous_0)
DA:3,0
DA:4,0
LF:2
LH:0
BRF:0
BRH:0
end_of_record
TN:
SF:src\components\icons\icon.js
FN:20,(anonymous_0)
FNF:1
FNH:0
FNDA:0,(anonymous_0)
DA:20,0
DA:21,0
DA:23,0
DA:25,0
DA:27,0
DA:29,0
DA:31,0
DA:33,0
DA:35,0
DA:37,0
DA:39,0
DA:41,0
DA:43,0
DA:45,0
DA:47,0
DA:49,0
DA:51,0
DA:55,0
LF:18
LH:0
BRDA:21,0,0,0
BRDA:21,0,1,0
BRDA:21,0,2,0
BRDA:21,0,3,0
BRDA:21,0,4,0
BRDA:21,0,5,0
BRDA:21,0,6,0
BRDA:21,0,7,0
BRDA:21,0,8,0
BRDA:21,0,9,0
BRDA:21,0,10,0
BRDA:21,0,11,0
BRDA:21,0,12,0
BRDA:21,0,13,0
BRDA:21,0,14,0
BRF:15
BRH:0
end_of_record
TN:
SF:src\components\icons\index.js
FNF:0
FNH:0
LF:0
LH:0
BRF:0
BRH:0
end_of_record
TN:
SF:src\components\icons\instagram.js
FN:3,(anonymous_0)
FNF:1
FNH:0
FNDA:0,(anonymous_0)
DA:3,0
DA:4,0
LF:2
LH:0
BRF:0
BRH:0
end_of_record
TN:
SF:src\components\icons\linkedin.js
FN:3,(anonymous_0)
FNF:1
FNH:0
FNDA:0,(anonymous_0)
DA:3,0
DA:4,0
LF:2
LH:0
BRF:0
BRH:0
end_of_record
TN:
SF:src\components\icons\loader.js
FN:3,(anonymous_0)
FNF:1
FNH:0
FNDA:0,(anonymous_0)
DA:3,0
DA:4,0
LF:2
LH:0
BRF:0
BRH:0
end_of_record
TN:
SF:src\components\icons\logo.js
FN:3,(anonymous_0)
FNF:1
FNH:0
FNDA:0,(anonymous_0)
DA:3,0
DA:4,0
LF:2
LH:0
BRF:0
BRH:0
end_of_record
TN:
SF:src\components\icons\playstore.js
FN:3,(anonymous_0)
FNF:1
FNH:0
FNDA:0,(anonymous_0)
DA:3,0
DA:4,0
LF:2
LH:0
BRF:0
BRH:0
end_of_record
TN:
SF:src\components\icons\star.js
FN:3,(anonymous_0)
FNF:1
FNH:0
FNDA:0,(anonymous_0)
DA:3,0
DA:4,0
LF:2
LH:0
BRF:0
BRH:0
end_of_record
TN:
SF:src\components\icons\twitter.js
FN:3,(anonymous_0)
FNF:1
FNH:0
FNDA:0,(anonymous_0)
DA:3,0
DA:4,0
LF:2
LH:0
BRF:0
BRH:0
end_of_record
TN:
SF:src\components\sections\about.js
FN:59,(anonymous_0)
FN:116,(anonymous_1)
FN:120,(anonymous_2)
FN:166,(anonymous_3)
FNF:4
FNH:4
FNDA:36,(anonymous_0)
FNDA:36,(anonymous_1)
FNDA:36,(anonymous_2)
FNDA:288,(anonymous_3)
DA:8,3
DA:21,3
DA:49,3
DA:59,36
DA:116,3
DA:117,36
DA:118,36
DA:120,36
DA:121,36
DA:122,0
DA:125,36
DA:128,36
DA:130,36
DA:166,288
LF:14
LH:13
BRDA:121,0,0,0
BRDA:121,0,1,36
BRDA:166,1,0,36
BRDA:166,1,1,36
BRF:4
BRH:3
end_of_record
TN:
SF:src\components\sections\contact.js
FN:39,(anonymous_0)
FN:44,(anonymous_1)
FN:48,(anonymous_2)
FNF:3
FNH:3
FNDA:41,(anonymous_0)
FNDA:41,(anonymous_1)
FNDA:41,(anonymous_2)
DA:7,3
DA:39,41
DA:44,3
DA:45,41
DA:46,41
DA:48,41
DA:49,41
DA:50,0
DA:53,41
DA:56,41
LF:10
LH:9
BRDA:49,0,0,0
BRDA:49,0,1,41
BRF:2
BRH:1
end_of_record
TN:
SF:src\components\sections\featured.js
FN:11,(anonymous_0)
FN:27,(anonymous_1)
FN:155,(anonymous_2)
FN:175,(anonymous_3)
FN:220,(anonymous_4)
FN:238,(anonymous_5)
FN:244,(anonymous_6)
FN:306,(anonymous_7)
FN:334,(anonymous_8)
FN:339,(anonymous_9)
FN:345,(anonymous_10)
FN:356,(anonymous_11)
FN:362,(anonymous_12)
FN:378,(anonymous_13)
FNF:14
FNH:0
FNDA:0,(anonymous_0)
FNDA:0,(anonymous_1)
FNDA:0,(anonymous_2)
FNDA:0,(anonymous_3)
FNDA:0,(anonymous_4)
FNDA:0,(anonymous_5)
FNDA:0,(anonymous_6)
FNDA:0,(anonymous_7)
FNDA:0,(anonymous_8)
FNDA:0,(anonymous_9)
FNDA:0,(anonymous_10)
FNDA:0,(anonymous_11)
FNDA:0,(anonymous_12)
FNDA:0,(anonymous_13)
DA:10,0
DA:11,0
DA:19,0
DA:27,0
DA:155,0
DA:175,0
DA:220,0
DA:238,0
DA:244,0
DA:306,0
DA:307,0
DA:334,0
DA:335,0
DA:336,0
DA:337,0
DA:339,0
DA:340,0
DA:341,0
DA:344,0
DA:345,0
DA:348,0
DA:357,0
DA:358,0
DA:359,0
DA:361,0
DA:362,0
DA:379,0
LF:27
LH:0
BRDA:340,0,0,0
BRDA:340,0,1,0
BRDA:355,1,0,0
BRDA:355,1,1,0
BRDA:376,2,0,0
BRDA:376,2,1,0
BRDA:385,3,0,0
BRDA:385,3,1,0
BRDA:390,4,0,0
BRDA:390,4,1,0
BRDA:395,5,0,0
BRDA:395,5,1,0
BRDA:395,5,2,0
BRDA:405,6,0,0
BRDA:405,6,1,0
BRDA:405,7,0,0
BRDA:405,7,1,0
BRF:17
BRH:0
end_of_record
TN:
SF:src\components\sections\hero.js
FN:8,(anonymous_0)
FN:44,(anonymous_1)
FN:49,(anonymous_2)
FN:53,(anonymous_3)
FN:58,(anonymous_4)
FN:59,(anonymous_5)
FN:91,(anonymous_6)
FN:98,(anonymous_7)
FNF:8
FNH:0
FNDA:0,(anonymous_0)
FNDA:0,(anonymous_1)
FNDA:0,(anonymous_2)
FNDA:0,(anonymous_3)
FNDA:0,(anonymous_4)
FNDA:0,(anonymous_5)
FNDA:0,(anonymous_6)
FNDA:0,(anonymous_7)
DA:7,0
DA:8,0
DA:44,0
DA:49,0
DA:50,0
DA:51,0
DA:53,0
DA:54,0
DA:55,0
DA:58,0
DA:59,0
DA:62,0
DA:63,0
DA:64,0
DA:66,0
DA:78,0
DA:85,0
DA:87,0
DA:92,0
DA:99,0
LF:20
LH:0
BRDA:54,0,0,0
BRDA:54,0,1,0
BRDA:89,1,0,0
BRDA:89,1,1,0
BRDA:97,2,0,0
BRDA:97,2,1,0
BRF:6
BRH:0
end_of_record
TN:
SF:src\components\sections\jobs.js
FN:70,(anonymous_0)
FN:78,(anonymous_1)
FN:88,(anonymous_2)
FN:111,(anonymous_3)
FN:122,(anonymous_4)
FN:145,(anonymous_5)
FN:167,(anonymous_6)
FN:198,(anonymous_7)
FN:206,(anonymous_8)
FN:222,(anonymous_9)
FN:225,(anonymous_10)
FN:250,(anonymous_11)
FN:252,(anonymous_12)
FN:258,(anonymous_13)
FN:259,(anonymous_14)
FN:274,(anonymous_15)
FNF:16
FNH:16
FNDA:182,(anonymous_0)
FNDA:182,(anonymous_1)
FNDA:182,(anonymous_2)
FNDA:54,(anonymous_3)
FNDA:54,(anonymous_4)
FNDA:200,(anonymous_5)
FNDA:55,(anonymous_6)
FNDA:43,(anonymous_7)
FNDA:45,(anonymous_8)
FNDA:45,(anonymous_9)
FNDA:1,(anonymous_10)
FNDA:1,(anonymous_11)
FNDA:182,(anonymous_12)
FNDA:9,(anonymous_13)
FNDA:364,(anonymous_14)
FNDA:182,(anonymous_15)
DA:10,3
DA:27,3
DA:69,3
DA:70,182
DA:78,182
DA:88,182
DA:102,3
DA:111,54
DA:122,54
DA:129,3
DA:139,3
DA:145,200
DA:167,3
DA:168,55
DA:190,55
DA:192,55
DA:193,55
DA:194,55
DA:195,55
DA:196,55
DA:198,55
DA:199,43
DA:200,0
DA:203,43
DA:206,55
DA:207,45
DA:208,1
DA:209,1
DA:212,44
DA:213,2
DA:216,44
DA:217,0
DA:222,55
DA:225,55
DA:226,1
DA:228,0
DA:229,0
DA:230,0
DA:234,1
DA:235,1
DA:236,1
DA:240,0
DA:245,55
DA:250,1
DA:253,182
DA:254,182
DA:258,9
DA:259,364
DA:275,182
DA:276,182
DA:278,182
LF:51
LH:45
BRDA:78,0,0,52
BRDA:78,0,1,130
BRDA:199,1,0,0
BRDA:199,1,1,43
BRDA:207,2,0,1
BRDA:207,2,1,44
BRDA:212,3,0,2
BRDA:212,3,1,42
BRDA:216,4,0,0
BRDA:216,4,1,44
BRDA:226,5,0,0
BRDA:226,5,1,1
BRDA:226,5,2,0
BRDA:251,6,0,55
BRDA:251,6,1,55
BRDA:262,7,0,52
BRDA:262,7,1,130
BRDA:263,8,0,52
BRDA:263,8,1,130
BRDA:273,9,0,55
BRDA:273,9,1,55
BRDA:283,10,0,52
BRDA:283,10,1,130
BRF:23
BRH:19
end_of_record
TN:
SF:src\components\sections\projects.js
FN:28,(anonymous_0)
FN:41,(anonymous_1)
FN:66,(anonymous_2)
FN:67,(anonymous_3)
FN:80,(anonymous_4)
FN:98,(anonymous_5)
FN:143,(anonymous_6)
FN:168,(anonymous_7)
FN:199,(anonymous_8)
FN:206,(anonymous_9)
FN:210,(anonymous_10)
FN:214,(anonymous_11)
FN:256,(anonymous_12)
FN:278,(anonymous_13)
FN:285,(anonymous_14)
FN:293,(anonymous_15)
FN:305,(anonymous_16)
FNF:17
FNH:0
FNDA:0,(anonymous_0)
FNDA:0,(anonymous_1)
FNDA:0,(anonymous_2)
FNDA:0,(anonymous_3)
FNDA:0,(anonymous_4)
FNDA:0,(anonymous_5)
FNDA:0,(anonymous_6)
FNDA:0,(anonymous_7)
FNDA:0,(anonymous_8)
FNDA:0,(anonymous_9)
FNDA:0,(anonymous_10)
FNDA:0,(anonymous_11)
FNDA:0,(anonymous_12)
FNDA:0,(anonymous_13)
FNDA:0,(anonymous_14)
FNDA:0,(anonymous_15)
FNDA:0,(anonymous_16)
DA:10,0
DA:28,0
DA:41,0
DA:46,0
DA:66,0
DA:67,0
DA:80,0
DA:98,0
DA:143,0
DA:168,0
DA:169,0
DA:193,0
DA:194,0
DA:195,0
DA:196,0
DA:197,0
DA:199,0
DA:200,0
DA:201,0
DA:204,0
DA:205,0
DA:206,0
DA:209,0
DA:210,0
DA:211,0
DA:212,0
DA:214,0
DA:215,0
DA:216,0
DA:218,0
DA:257,0
DA:266,0
DA:279,0
DA:286,0
DA:293,0
DA:305,0
LF:36
LH:0
BRDA:200,0,0,0
BRDA:200,0,1,0
BRDA:212,1,0,0
BRDA:212,1,1,0
BRDA:226,2,0,0
BRDA:226,2,1,0
BRDA:231,3,0,0
BRDA:231,3,1,0
BRDA:254,4,0,0
BRDA:254,4,1,0
BRDA:275,5,0,0
BRDA:275,5,1,0
BRDA:277,6,0,0
BRDA:277,6,1,0
BRDA:284,7,0,0
BRDA:284,7,1,0
BRDA:289,8,0,0
BRDA:289,8,1,0
BRDA:295,9,0,0
BRDA:295,9,1,0
BRDA:306,10,0,0
BRDA:306,10,1,0
BRF:22
BRH:0
end_of_record
TN:
SF:src\hooks\index.js
FNF:0
FNH:0
LF:0
LH:0
BRF:0
BRH:0
end_of_record
TN:
SF:src\hooks\useOnClickOutside.js
FN:5,(anonymous_0)
FN:7,(anonymous_1)
FN:8,(anonymous_2)
FN:20,(anonymous_3)
FNF:4
FNH:0
FNDA:0,(anonymous_0)
FNDA:0,(anonymous_1)
FNDA:0,(anonymous_2)
FNDA:0,(anonymous_3)
DA:5,0
DA:6,0
DA:8,0
DA:10,0
DA:11,0
DA:14,0
DA:17,0
DA:18,0
DA:20,0
DA:21,0
DA:22,0
LF:11
LH:0
BRDA:10,0,0,0
BRDA:10,0,1,0
BRDA:10,1,0,0
BRDA:10,1,1,0
BRF:4
BRH:0
end_of_record
TN:
SF:src\hooks\usePrefersReducedMotion.js
FN:9,(anonymous_0)
FN:15,usePrefersReducedMotion
FN:17,(anonymous_2)
FN:19,(anonymous_3)
FN:23,(anonymous_4)
FNF:5
FNH:0
FNDA:0,(anonymous_0)
FNDA:0,usePrefersReducedMotion
FNDA:0,(anonymous_2)
FNDA:0,(anonymous_3)
FNDA:0,(anonymous_4)
DA:6,0
DA:7,0
DA:9,0
DA:14,0
DA:16,0
DA:17,0
DA:18,0
DA:19,0
DA:20,0
DA:22,0
DA:23,0
DA:24,0
DA:27,0
LF:13
LH:0
BRDA:14,0,0,0
BRDA:14,0,1,0
BRF:2
BRH:0
end_of_record
TN:
SF:src\hooks\useScrollDirection.js
FN:6,(anonymous_0)
FN:9,(anonymous_1)
FN:14,(anonymous_2)
FN:28,(anonymous_3)
FN:41,(anonymous_4)
FNF:5
FNH:0
FNDA:0,(anonymous_0)
FNDA:0,(anonymous_1)
FNDA:0,(anonymous_2)
FNDA:0,(anonymous_3)
FNDA:0,(anonymous_4)
DA:1,0
DA:2,0
DA:6,0
DA:7,0
DA:9,0
DA:10,0
DA:11,0
DA:12,0
DA:14,0
DA:15,0
DA:17,0
DA:19,0
DA:20,0
DA:23,0
DA:24,0
DA:25,0
DA:28,0
DA:29,0
DA:30,0
DA:31,0
DA:39,0
DA:41,0
DA:44,0
LF:23
LH:0
BRDA:6,0,0,0
BRDA:10,1,0,0
BRDA:10,1,1,0
BRDA:17,2,0,0
BRDA:17,2,1,0
BRDA:23,3,0,0
BRDA:23,3,1,0
BRDA:24,4,0,0
BRDA:24,4,1,0
BRDA:29,5,0,0
BRDA:29,5,1,0
BRDA:39,6,0,0
BRDA:39,6,1,0
BRF:13
BRH:0
end_of_record
TN:
SF:src\styles\GlobalStyle.js
FN:268,(anonymous_0)
FN:302,(anonymous_1)
FN:364,(anonymous_2)
FN:414,(anonymous_3)
FN:432,(anonymous_4)
FNF:5
FNH:0
FNDA:0,(anonymous_0)
FNDA:0,(anonymous_1)
FNDA:0,(anonymous_2)
FNDA:0,(anonymous_3)
FNDA:0,(anonymous_4)
DA:7,0
DA:268,0
DA:302,0
DA:364,0
DA:414,0
DA:432,0
LF:6
LH:0
BRF:0
BRH:0
end_of_record
TN:
SF:src\styles\PrismStyles.js
FNF:0
FNH:0
DA:3,0
DA:18,0
LF:2
LH:0
BRF:0
BRH:0
end_of_record
TN:
SF:src\styles\TransitionStyles.js
FNF:0
FNH:0
DA:5,0
LF:1
LH:0
BRF:0
BRH:0
end_of_record
TN:
SF:src\styles\fonts.js
FN:61,(anonymous_0)
FNF:1
FNH:0
FNDA:0,(anonymous_0)
DA:27,0
DA:33,0
DA:39,0
DA:44,0
DA:49,0
DA:55,0
DA:61,0
DA:62,0
DA:64,0
DA:65,0
DA:66,0
DA:68,0
DA:80,0
DA:83,0
DA:84,0
DA:86,0
DA:87,0
DA:89,0
LF:18
LH:0
BRDA:61,0,0,0
BRF:1
BRH:0
end_of_record
TN:
SF:src\styles\index.js
FNF:0
FNH:0
LF:0
LH:0
BRF:0
BRH:0
end_of_record
TN:
SF:src\styles\mixins.js
FNF:0
FNH:0
DA:3,0
DA:26,0
LF:2
LH:0
BRF:0
BRH:0
end_of_record
TN:
SF:src\styles\theme.js
FNF:0
FNH:0
DA:3,0
LF:1
LH:0
BRF:0
BRH:0
end_of_record
TN:
SF:src\styles\variables.js
FNF:0
FNH:0
DA:3,0
LF:1
LH:0
BRF:0
BRH:0
end_of_record
TN:
SF:src\utils\index.js
FN:1,(anonymous_0)
FN:2,(anonymous_1)
FNF:2
FNH:0
FNDA:0,(anonymous_0)
FNDA:0,(anonymous_1)
DA:1,0
DA:2,0
DA:3,0
DA:6,0
DA:7,0
DA:9,0
LF:6
LH:0
BRDA:1,0,0,0
BRF:1
BRH:0
end_of_record
TN:
SF:src\utils\sr.js
FNF:0
FNH:0
DA:3,0
DA:4,0
LF:2
LH:0
BRDA:4,0,0,0
BRDA:4,0,1,0
BRF:2
BRH:0
end_of_record
